11606:APP_OPEN:startTime=1715305397848
17135:GENERAL_SHOW_PERSPECTIVE:perspective=org.jkiss.dbeaver.core.perspective
17136:GENERAL_VIEW_OPEN:view=org.jkiss.dbeaver.core.databaseNavigator
17136:GENERAL_VIEW_OPEN:view=org.jkiss.dbeaver.core.projectExplorer
17146:GENERAL_SHOW_PERSPECTIVE:perspective=org.jkiss.dbeaver.core.perspective
17146:GENERAL_VIEW_OPEN:view=org.jkiss.dbeaver.core.databaseNavigator
17146:GENERAL_VIEW_OPEN:view=org.jkiss.dbeaver.core.projectExplorer
17678:SQL_EDITOR_OPEN:driver=
19977:CONNECTION_OPEN:driver=oracle:oracle_thin
20366:SQL_EDITOR_OPEN:driver=oracle:oracle_thin
71781:SQL_EDITOR_OPEN:driver=oracle:oracle_thin
74698:SQL_EDITOR_OPEN:driver=oracle:oracle_thin
1092775:SQL_SCRIPT_NEW
1092775:SQL_SCRIPT_NEW
1093343:CONNECTION_OPEN:driver=mysql:mysql8
1093356:SQL_EDITOR_OPEN:driver=mysql:mysql8
1123260:SQL_EDITOR_OPEN:driver=mysql:mysql8
1141951:SQL_EDITOR_EXECUTE_QUERY
1141951:SQL_EDITOR_EXECUTE_QUERY
1153616:ENTITY_EDITOR_OPEN:className=MySQLTable&driver=mysql:mysql8
1169406:SQL_EDITOR_EXECUTE_QUERY
1169406:SQL_EDITOR_EXECUTE_QUERY
1256662:SQL_EDITOR_EXECUTE_QUERY
1256662:SQL_EDITOR_EXECUTE_QUERY
1328158:SQL_EDITOR_EXECUTE_QUERY
1328158:SQL_EDITOR_EXECUTE_QUERY
1333534:SQL_EDITOR_EXECUTE_QUERY
1333534:SQL_EDITOR_EXECUTE_QUERY
1344046:SQL_EDITOR_EXECUTE_QUERY
1344046:SQL_EDITOR_EXECUTE_QUERY
1345662:SQL_EDITOR_EXECUTE_QUERY
1345662:SQL_EDITOR_EXECUTE_QUERY
1397206:SQL_EDITOR_EXECUTE_QUERY
1397206:SQL_EDITOR_EXECUTE_QUERY
1399414:SQL_EDITOR_EXECUTE_QUERY
1399414:SQL_EDITOR_EXECUTE_QUERY
1400230:SQL_EDITOR_EXECUTE_QUERY
1400230:SQL_EDITOR_EXECUTE_QUERY
1406254:SQL_EDITOR_EXECUTE_QUERY
1406254:SQL_EDITOR_EXECUTE_QUERY
1598198:SQL_EDITOR_EXECUTE_QUERY
1598198:SQL_EDITOR_EXECUTE_QUERY
1703661:CONNECTION_OPEN:driver=oracle:oracle_thin
1703673:SQL_EDITOR_OPEN:driver=oracle:oracle_thin
1708450:SQL_SCRIPT_RECENT
1708450:SQL_SCRIPT_RECENT
1708948:SQL_EDITOR_OPEN:driver=oracle:oracle_thin
1714388:CONNECTION_OPEN:driver=oracle:oracle_thin
1714400:SQL_EDITOR_OPEN:driver=oracle:oracle_thin
1717116:CONNECTION_OPEN:driver=oracle:oracle_thin
1717129:SQL_EDITOR_OPEN:driver=oracle:oracle_thin
1721475:CONNECTION_OPEN:driver=oracle:oracle_thin
1721491:SQL_EDITOR_OPEN:driver=oracle:oracle_thin
1725369:CONNECTION_OPEN:driver=oracle:oracle_thin
1725388:SQL_EDITOR_OPEN:driver=oracle:oracle_thin
1770963:SQL_SCRIPT_RECENT
1770963:SQL_SCRIPT_RECENT
1782432:SQL_EDITOR_OPEN:driver=
2241854:SQL_EDITOR_EXECUTE_QUERY
2241854:SQL_EDITOR_EXECUTE_QUERY
2258486:SQL_EDITOR_EXECUTE_QUERY
2258486:SQL_EDITOR_EXECUTE_QUERY
2283710:SQL_EDITOR_EXECUTE_QUERY
2283710:SQL_EDITOR_EXECUTE_QUERY
2286373:SQL_EDITOR_EXECUTE_QUERY
2286373:SQL_EDITOR_EXECUTE_QUERY
2288526:SQL_EDITOR_EXECUTE_QUERY
2288526:SQL_EDITOR_EXECUTE_QUERY
