9497:APP_OPEN:startTime=1715212880668
13808:GENERAL_SHOW_PERSPECTIVE:perspective=org.jkiss.dbeaver.core.perspective
13808:GENERAL_VIEW_OPEN:view=org.jkiss.dbeaver.core.databaseNavigator
13809:GENERAL_VIEW_OPEN:view=org.jkiss.dbeaver.core.projectExplorer
13820:GENERAL_SHOW_PERSPECTIVE:perspective=org.jkiss.dbeaver.core.perspective
13820:GENERAL_VIEW_OPEN:view=org.jkiss.dbeaver.core.databaseNavigator
13821:GENERAL_VIEW_OPEN:view=org.jkiss.dbeaver.core.projectExplorer
14248:CONNECTION_OPEN:driver=oracle:oracle_thin
14320:SQL_EDITOR_OPEN:driver=oracle:oracle_thin
24878:CONNECTION_OPEN:driver=mysql:mysql8
2682842:SQL_EDITOR_OPEN:driver=oracle:oracle_thin
2691103:SQL_EDITOR_OPEN:driver=oracle:oracle_thin
2803635:SQL_EDITOR_EXECUTE_QUERY
2803635:SQL_EDITOR_EXECUTE_QUERY
2821707:SQL_EDITOR_EXECUTE_QUERY
2821707:SQL_EDITOR_EXECUTE_QUERY
2824235:SQL_EDITOR_EXECUTE_QUERY
2824235:SQL_EDITOR_EXECUTE_QUERY
2826514:SQL_EDITOR_EXECUTE_QUERY
2826514:SQL_EDITOR_EXECUTE_QUERY
2829098:SQL_EDITOR_EXECUTE_QUERY
2829098:SQL_EDITOR_EXECUTE_QUERY
2830578:SQL_EDITOR_EXECUTE_QUERY
2830578:SQL_EDITOR_EXECUTE_QUERY
2840682:SQL_EDITOR_EXECUTE_QUERY
2840682:SQL_EDITOR_EXECUTE_QUERY
2875826:SQL_EDITOR_EXECUTE_QUERY
2875826:SQL_EDITOR_EXECUTE_QUERY
2903715:SQL_EDITOR_EXECUTE_QUERY
2903715:SQL_EDITOR_EXECUTE_QUERY
2911706:SQL_EDITOR_EXECUTE_QUERY
2911706:SQL_EDITOR_EXECUTE_QUERY
2913715:RESULT_SET_REFRESH
2915762:SQL_EDITOR_EXECUTE_QUERY
2915762:SQL_EDITOR_EXECUTE_QUERY
2918018:SQL_EDITOR_EXECUTE_QUERY
2918018:SQL_EDITOR_EXECUTE_QUERY
2920034:SQL_EDITOR_EXECUTE_QUERY
2920034:SQL_EDITOR_EXECUTE_QUERY
2922481:SQL_EDITOR_EXECUTE_QUERY
2922481:SQL_EDITOR_EXECUTE_QUERY
2926914:SQL_EDITOR_EXECUTE_QUERY
2926914:SQL_EDITOR_EXECUTE_QUERY
2928539:RESULT_SET_REFRESH
3614378:SQL_EDITOR_EXECUTE_QUERY
3614378:SQL_EDITOR_EXECUTE_QUERY
3616290:SQL_EDITOR_EXECUTE_QUERY
3616290:SQL_EDITOR_EXECUTE_QUERY
3627882:SQL_EDITOR_EXECUTE_QUERY
3627882:SQL_EDITOR_EXECUTE_QUERY
3646778:SQL_EDITOR_EXECUTE_QUERY
3646778:SQL_EDITOR_EXECUTE_QUERY
3690506:SQL_EDITOR_EXECUTE_QUERY
3690506:SQL_EDITOR_EXECUTE_QUERY
3719082:SQL_EDITOR_EXECUTE_SCRIPT
3719082:SQL_EDITOR_EXECUTE_SCRIPT
3736059:SQL_EDITOR_EXECUTE_QUERY
3736059:SQL_EDITOR_EXECUTE_QUERY
3754428:SQL_EDITOR_EXECUTE_QUERY
3754428:SQL_EDITOR_EXECUTE_QUERY
3785450:SQL_EDITOR_EXECUTE_QUERY
3785450:SQL_EDITOR_EXECUTE_QUERY
3792842:SQL_EDITOR_EXECUTE_SCRIPT
3792842:SQL_EDITOR_EXECUTE_SCRIPT
3793674:SQL_EDITOR_EXECUTE_QUERY
3793674:SQL_EDITOR_EXECUTE_QUERY
3887146:SQL_EDITOR_EXECUTE_QUERY
3887146:SQL_EDITOR_EXECUTE_QUERY
3890146:SQL_EDITOR_EXECUTE_QUERY
3890146:SQL_EDITOR_EXECUTE_QUERY
4063746:SQL_EDITOR_EXECUTE_QUERY
4063746:SQL_EDITOR_EXECUTE_QUERY
4067618:SQL_EDITOR_EXECUTE_QUERY
4067618:SQL_EDITOR_EXECUTE_QUERY
4075506:SQL_EDITOR_EXECUTE_QUERY
4075506:SQL_EDITOR_EXECUTE_QUERY
4078035:SQL_EDITOR_EXECUTE_QUERY
4078035:SQL_EDITOR_EXECUTE_QUERY
4094171:SQL_EDITOR_EXECUTE_QUERY
4094171:SQL_EDITOR_EXECUTE_QUERY
4135738:SQL_EDITOR_EXECUTE_QUERY
4135738:SQL_EDITOR_EXECUTE_QUERY
4137018:SQL_EDITOR_EXECUTE_QUERY
4137018:SQL_EDITOR_EXECUTE_QUERY
4141314:SQL_EDITOR_EXECUTE_QUERY
4141314:SQL_EDITOR_EXECUTE_QUERY
4142650:SQL_EDITOR_EXECUTE_QUERY
4142650:SQL_EDITOR_EXECUTE_QUERY
4144971:SQL_EDITOR_EXECUTE_QUERY
4144971:SQL_EDITOR_EXECUTE_QUERY
4148610:SQL_EDITOR_EXECUTE_QUERY
4148610:SQL_EDITOR_EXECUTE_QUERY
4151098:SQL_EDITOR_EXECUTE_QUERY
4151098:SQL_EDITOR_EXECUTE_QUERY
4152505:SQL_EDITOR_EXECUTE_QUERY
4152505:SQL_EDITOR_EXECUTE_QUERY
4154514:SQL_EDITOR_EXECUTE_QUERY
4154514:SQL_EDITOR_EXECUTE_QUERY
4156626:SQL_EDITOR_EXECUTE_QUERY
4156626:SQL_EDITOR_EXECUTE_QUERY
4157451:SQL_EDITOR_EXECUTE_QUERY
4157451:SQL_EDITOR_EXECUTE_QUERY
4157874:SQL_EDITOR_EXECUTE_QUERY
4157874:SQL_EDITOR_EXECUTE_QUERY
4167466:SQL_EDITOR_EXECUTE_QUERY
4167466:SQL_EDITOR_EXECUTE_QUERY
4189834:SQL_EDITOR_EXECUTE_QUERY
4189834:SQL_EDITOR_EXECUTE_QUERY
4198202:SQL_EDITOR_EXECUTE_QUERY
4198202:SQL_EDITOR_EXECUTE_QUERY
4200954:SQL_EDITOR_EXECUTE_QUERY
4200954:SQL_EDITOR_EXECUTE_QUERY
4205571:SQL_EDITOR_EXECUTE_QUERY
4205571:SQL_EDITOR_EXECUTE_QUERY
4248394:SQL_EDITOR_EXECUTE_QUERY
4248394:SQL_EDITOR_EXECUTE_QUERY
4248570:SQL_EDITOR_EXECUTE_QUERY
4248570:SQL_EDITOR_EXECUTE_QUERY
4250235:SQL_EDITOR_EXECUTE_QUERY
4250235:SQL_EDITOR_EXECUTE_QUERY
4278954:SQL_EDITOR_EXECUTE_QUERY
4278954:SQL_EDITOR_EXECUTE_QUERY
4280099:RESULT_SET_REFRESH
4293106:SQL_EDITOR_EXECUTE_QUERY
4293106:SQL_EDITOR_EXECUTE_QUERY
4295387:SQL_EDITOR_EXECUTE_QUERY
4295387:SQL_EDITOR_EXECUTE_QUERY
4328227:SQL_EDITOR_EXECUTE_QUERY
4328227:SQL_EDITOR_EXECUTE_QUERY
4329202:SQL_EDITOR_EXECUTE_QUERY
4329202:SQL_EDITOR_EXECUTE_QUERY
4333243:SQL_EDITOR_EXECUTE_QUERY
4333243:SQL_EDITOR_EXECUTE_QUERY
4341227:SQL_EDITOR_EXECUTE_QUERY
4341227:SQL_EDITOR_EXECUTE_QUERY
4350786:SQL_EDITOR_EXECUTE_QUERY
4350786:SQL_EDITOR_EXECUTE_QUERY
4360089:SQL_EDITOR_EXECUTE_QUERY
4360090:SQL_EDITOR_EXECUTE_QUERY
4370770:SQL_EDITOR_EXECUTE_QUERY
4370771:SQL_EDITOR_EXECUTE_QUERY
4442738:SQL_EDITOR_EXECUTE_QUERY
4442738:SQL_EDITOR_EXECUTE_QUERY
4462570:SQL_EDITOR_EXECUTE_QUERY
4462570:SQL_EDITOR_EXECUTE_QUERY
4464834:SQL_EDITOR_EXECUTE_QUERY
4464834:SQL_EDITOR_EXECUTE_QUERY
4468322:SQL_EDITOR_EXECUTE_QUERY
4468322:SQL_EDITOR_EXECUTE_QUERY
4475027:SQL_EDITOR_EXECUTE_QUERY
4475027:SQL_EDITOR_EXECUTE_QUERY
4480410:SQL_EDITOR_EXECUTE_QUERY
4480410:SQL_EDITOR_EXECUTE_QUERY
4481250:SQL_EDITOR_EXECUTE_QUERY
4481250:SQL_EDITOR_EXECUTE_QUERY
4481970:SQL_EDITOR_EXECUTE_QUERY
4481970:SQL_EDITOR_EXECUTE_QUERY
4485819:SQL_EDITOR_EXECUTE_QUERY
4485819:SQL_EDITOR_EXECUTE_QUERY
4516947:SQL_EDITOR_EXECUTE_QUERY
4516947:SQL_EDITOR_EXECUTE_QUERY
4521730:SQL_EDITOR_EXECUTE_QUERY
4521730:SQL_EDITOR_EXECUTE_QUERY
4555298:SQL_EDITOR_EXECUTE_QUERY
4555298:SQL_EDITOR_EXECUTE_QUERY
4557938:SQL_EDITOR_EXECUTE_QUERY
4557938:SQL_EDITOR_EXECUTE_QUERY
4574674:SQL_EDITOR_EXECUTE_QUERY
4574674:SQL_EDITOR_EXECUTE_QUERY
4604723:SQL_EDITOR_EXECUTE_QUERY
4604723:SQL_EDITOR_EXECUTE_QUERY
4664714:SQL_EDITOR_EXECUTE_QUERY
4664714:SQL_EDITOR_EXECUTE_QUERY
4671130:SQL_EDITOR_EXECUTE_QUERY
4671130:SQL_EDITOR_EXECUTE_QUERY
4671667:SQL_EDITOR_EXECUTE_QUERY
4671667:SQL_EDITOR_EXECUTE_QUERY
4671994:SQL_EDITOR_EXECUTE_QUERY
4671994:SQL_EDITOR_EXECUTE_QUERY
4672218:SQL_EDITOR_EXECUTE_QUERY
4672218:SQL_EDITOR_EXECUTE_QUERY
4672478:SQL_EDITOR_EXECUTE_QUERY
4672478:SQL_EDITOR_EXECUTE_QUERY
4672583:SQL_EDITOR_EXECUTE_QUERY
4672583:SQL_EDITOR_EXECUTE_QUERY
4672772:SQL_EDITOR_EXECUTE_QUERY
4672772:SQL_EDITOR_EXECUTE_QUERY
4694177:SQL_EDITOR_EXECUTE_QUERY
4694177:SQL_EDITOR_EXECUTE_QUERY
4698946:SQL_EDITOR_EXECUTE_QUERY
4698946:SQL_EDITOR_EXECUTE_QUERY
4714683:SQL_EDITOR_EXECUTE_QUERY
4714683:SQL_EDITOR_EXECUTE_QUERY
4716835:SQL_EDITOR_EXECUTE_QUERY
4716835:SQL_EDITOR_EXECUTE_QUERY
4726338:SQL_EDITOR_EXECUTE_QUERY
4726338:SQL_EDITOR_EXECUTE_QUERY
4789466:SQL_EDITOR_EXECUTE_QUERY
4789466:SQL_EDITOR_EXECUTE_QUERY
4877034:SQL_EDITOR_EXECUTE_QUERY
4877034:SQL_EDITOR_EXECUTE_QUERY
4927075:SQL_EDITOR_EXECUTE_QUERY
4927075:SQL_EDITOR_EXECUTE_QUERY
4947426:SQL_EDITOR_EXECUTE_QUERY
4947426:SQL_EDITOR_EXECUTE_QUERY
4949482:SQL_EDITOR_EXECUTE_QUERY
4949482:SQL_EDITOR_EXECUTE_QUERY
4954194:SQL_EDITOR_EXECUTE_QUERY
4954194:SQL_EDITOR_EXECUTE_QUERY
4995170:SQL_EDITOR_EXECUTE_QUERY
4995170:SQL_EDITOR_EXECUTE_QUERY
5017506:SQL_EDITOR_EXECUTE_QUERY
5017506:SQL_EDITOR_EXECUTE_QUERY
5019690:SQL_EDITOR_EXECUTE_QUERY
5019690:SQL_EDITOR_EXECUTE_QUERY
5032398:SQL_EDITOR_EXECUTE_QUERY
5032398:SQL_EDITOR_EXECUTE_QUERY
5046810:SQL_EDITOR_EXECUTE_QUERY
5046810:SQL_EDITOR_EXECUTE_QUERY
5101443:SQL_EDITOR_EXECUTE_QUERY
5101443:SQL_EDITOR_EXECUTE_QUERY
5103890:SQL_EDITOR_EXECUTE_QUERY
5103890:SQL_EDITOR_EXECUTE_QUERY
5106028:SQL_EDITOR_EXECUTE_QUERY
5106028:SQL_EDITOR_EXECUTE_QUERY
5108267:SQL_EDITOR_EXECUTE_QUERY
5108267:SQL_EDITOR_EXECUTE_QUERY
5119402:SQL_EDITOR_EXECUTE_QUERY
5119402:SQL_EDITOR_EXECUTE_QUERY
5133187:SQL_EDITOR_EXECUTE_QUERY
5133187:SQL_EDITOR_EXECUTE_QUERY
5135698:SQL_EDITOR_EXECUTE_QUERY
5135698:SQL_EDITOR_EXECUTE_QUERY
5194739:SQL_EDITOR_EXECUTE_QUERY
5194739:SQL_EDITOR_EXECUTE_QUERY
5346802:SQL_EDITOR_EXECUTE_QUERY
5346802:SQL_EDITOR_EXECUTE_QUERY
5392075:SQL_EDITOR_EXECUTE_QUERY
5392075:SQL_EDITOR_EXECUTE_QUERY
5410027:SQL_EDITOR_EXECUTE_QUERY
5410027:SQL_EDITOR_EXECUTE_QUERY
5487546:SQL_EDITOR_EXECUTE_QUERY
5487546:SQL_EDITOR_EXECUTE_QUERY
5560011:SQL_EDITOR_EXECUTE_QUERY
5560011:SQL_EDITOR_EXECUTE_QUERY
5586114:SQL_EDITOR_EXECUTE_QUERY
5586114:SQL_EDITOR_EXECUTE_QUERY
5596482:SQL_EDITOR_EXECUTE_QUERY
5596482:SQL_EDITOR_EXECUTE_QUERY
5609539:SQL_EDITOR_EXECUTE_QUERY
5609539:SQL_EDITOR_EXECUTE_QUERY
5673626:SQL_EDITOR_EXECUTE_QUERY
5673626:SQL_EDITOR_EXECUTE_QUERY
5703122:SQL_EDITOR_EXECUTE_QUERY
5703122:SQL_EDITOR_EXECUTE_QUERY
5736219:SQL_EDITOR_EXECUTE_QUERY
5736219:SQL_EDITOR_EXECUTE_QUERY
5789475:SQL_EDITOR_EXECUTE_QUERY
5789475:SQL_EDITOR_EXECUTE_QUERY
5808114:SQL_EDITOR_EXECUTE_QUERY
5808114:SQL_EDITOR_EXECUTE_QUERY
5869251:SQL_EDITOR_EXECUTE_QUERY
5869251:SQL_EDITOR_EXECUTE_QUERY
5954763:SQL_EDITOR_EXECUTE_QUERY
5954763:SQL_EDITOR_EXECUTE_QUERY
5957371:SQL_EDITOR_EXECUTE_QUERY
5957371:SQL_EDITOR_EXECUTE_QUERY
5963107:SQL_EDITOR_EXECUTE_QUERY
5963107:SQL_EDITOR_EXECUTE_QUERY
5964275:SQL_EDITOR_EXECUTE_QUERY
5964275:SQL_EDITOR_EXECUTE_QUERY
6003946:SQL_EDITOR_EXECUTE_QUERY
6003946:SQL_EDITOR_EXECUTE_QUERY
6055586:SQL_EDITOR_EXECUTE_QUERY
6055586:SQL_EDITOR_EXECUTE_QUERY
6057283:SQL_EDITOR_EXECUTE_QUERY
6057283:SQL_EDITOR_EXECUTE_QUERY
6058122:SQL_EDITOR_EXECUTE_QUERY
6058122:SQL_EDITOR_EXECUTE_QUERY
6059715:SQL_EDITOR_EXECUTE_QUERY
6059715:SQL_EDITOR_EXECUTE_QUERY
6068979:SQL_EDITOR_EXECUTE_QUERY
6068979:SQL_EDITOR_EXECUTE_QUERY
6082946:SQL_EDITOR_EXECUTE_QUERY
6082946:SQL_EDITOR_EXECUTE_QUERY
6085466:SQL_EDITOR_EXECUTE_QUERY
6085466:SQL_EDITOR_EXECUTE_QUERY
6113874:SQL_EDITOR_EXECUTE_QUERY
6113874:SQL_EDITOR_EXECUTE_QUERY
6115770:SQL_EDITOR_EXECUTE_QUERY
6115770:SQL_EDITOR_EXECUTE_QUERY
6130931:SQL_EDITOR_EXECUTE_QUERY
6130931:SQL_EDITOR_EXECUTE_QUERY
6249058:SQL_EDITOR_EXECUTE_QUERY
6249058:SQL_EDITOR_EXECUTE_QUERY
6252075:SQL_EDITOR_EXECUTE_QUERY
6252075:SQL_EDITOR_EXECUTE_QUERY
7275346:SQL_EDITOR_EXECUTE_QUERY
7275346:SQL_EDITOR_EXECUTE_QUERY
7356970:SQL_EDITOR_EXECUTE_QUERY
7356970:SQL_EDITOR_EXECUTE_QUERY
7455962:SQL_EDITOR_EXECUTE_QUERY
7455962:SQL_EDITOR_EXECUTE_QUERY
7571091:SQL_EDITOR_EXECUTE_QUERY
7571091:SQL_EDITOR_EXECUTE_QUERY
7648898:SQL_EDITOR_EXECUTE_QUERY
7648898:SQL_EDITOR_EXECUTE_QUERY
7686362:SQL_EDITOR_EXECUTE_QUERY
7686362:SQL_EDITOR_EXECUTE_QUERY
7696906:SQL_EDITOR_EXECUTE_QUERY
7696906:SQL_EDITOR_EXECUTE_QUERY
7720418:SQL_EDITOR_EXECUTE_QUERY
7720418:SQL_EDITOR_EXECUTE_QUERY
7724122:SQL_EDITOR_EXECUTE_QUERY
7724122:SQL_EDITOR_EXECUTE_QUERY
7738906:SQL_EDITOR_EXECUTE_QUERY
7738906:SQL_EDITOR_EXECUTE_QUERY
7746834:SQL_EDITOR_EXECUTE_QUERY
7746834:SQL_EDITOR_EXECUTE_QUERY
7749978:SQL_EDITOR_EXECUTE_QUERY
7749978:SQL_EDITOR_EXECUTE_QUERY
7752058:SQL_EDITOR_EXECUTE_QUERY
7752058:SQL_EDITOR_EXECUTE_QUERY
7753810:SQL_EDITOR_EXECUTE_QUERY
7753810:SQL_EDITOR_EXECUTE_QUERY
7789354:SQL_EDITOR_EXECUTE_QUERY
7789354:SQL_EDITOR_EXECUTE_QUERY
7852042:SQL_EDITOR_EXECUTE_QUERY
7852042:SQL_EDITOR_EXECUTE_QUERY
7867778:SQL_EDITOR_EXECUTE_QUERY
7867778:SQL_EDITOR_EXECUTE_QUERY
8017330:SQL_EDITOR_EXECUTE_QUERY
8017330:SQL_EDITOR_EXECUTE_QUERY
8039995:SQL_EDITOR_EXECUTE_QUERY
8039995:SQL_EDITOR_EXECUTE_QUERY
8057418:SQL_EDITOR_EXECUTE_QUERY
8057418:SQL_EDITOR_EXECUTE_QUERY
8098970:SQL_EDITOR_EXECUTE_QUERY
8098970:SQL_EDITOR_EXECUTE_QUERY
8107931:SQL_EDITOR_EXECUTE_QUERY
8107931:SQL_EDITOR_EXECUTE_QUERY
8115938:SQL_EDITOR_EXECUTE_QUERY
8115938:SQL_EDITOR_EXECUTE_QUERY
8122931:SQL_EDITOR_EXECUTE_QUERY
8122931:SQL_EDITOR_EXECUTE_QUERY
8161291:SQL_EDITOR_EXECUTE_QUERY
8161291:SQL_EDITOR_EXECUTE_QUERY
8167371:SQL_EDITOR_EXECUTE_QUERY
8167371:SQL_EDITOR_EXECUTE_QUERY
8172714:SQL_EDITOR_EXECUTE_QUERY
8172714:SQL_EDITOR_EXECUTE_QUERY
8175778:SQL_EDITOR_EXECUTE_QUERY
8175778:SQL_EDITOR_EXECUTE_QUERY
8192434:SQL_EDITOR_EXECUTE_QUERY
8192434:SQL_EDITOR_EXECUTE_QUERY
8344170:SQL_EDITOR_EXECUTE_QUERY
8344170:SQL_EDITOR_EXECUTE_QUERY
8496394:SQL_EDITOR_EXECUTE_QUERY
8496394:SQL_EDITOR_EXECUTE_QUERY
9241250:SQL_EDITOR_EXECUTE_QUERY
9241250:SQL_EDITOR_EXECUTE_QUERY
9245474:SQL_EDITOR_EXECUTE_QUERY
9245474:SQL_EDITOR_EXECUTE_QUERY
9249067:SQL_EDITOR_EXECUTE_QUERY
9249067:SQL_EDITOR_EXECUTE_QUERY
9255802:SQL_EDITOR_EXECUTE_QUERY
9255802:SQL_EDITOR_EXECUTE_QUERY
9285098:SQL_EDITOR_EXECUTE_QUERY
9285098:SQL_EDITOR_EXECUTE_QUERY
9302642:SQL_EDITOR_EXECUTE_QUERY
9302642:SQL_EDITOR_EXECUTE_QUERY
9318082:SQL_EDITOR_EXECUTE_QUERY
9318082:SQL_EDITOR_EXECUTE_QUERY
9321922:SQL_EDITOR_EXECUTE_QUERY
9321922:SQL_EDITOR_EXECUTE_QUERY
9323707:SQL_EDITOR_EXECUTE_QUERY
9323707:SQL_EDITOR_EXECUTE_QUERY
9325946:SQL_EDITOR_EXECUTE_QUERY
9325946:SQL_EDITOR_EXECUTE_QUERY
9331939:SQL_EDITOR_EXECUTE_QUERY
9331939:SQL_EDITOR_EXECUTE_QUERY
9333858:SQL_EDITOR_EXECUTE_QUERY
9333858:SQL_EDITOR_EXECUTE_QUERY
9372586:SQL_EDITOR_EXECUTE_QUERY
9372586:SQL_EDITOR_EXECUTE_QUERY
9380346:SQL_EDITOR_EXECUTE_QUERY
9380346:SQL_EDITOR_EXECUTE_QUERY
9395891:SQL_EDITOR_EXECUTE_QUERY
9395891:SQL_EDITOR_EXECUTE_QUERY
9455274:SQL_EDITOR_EXECUTE_QUERY
9455274:SQL_EDITOR_EXECUTE_QUERY
9529130:SQL_EDITOR_EXECUTE_QUERY
9529130:SQL_EDITOR_EXECUTE_QUERY
9543778:SQL_EDITOR_EXECUTE_QUERY
9543778:SQL_EDITOR_EXECUTE_QUERY
9596770:SQL_EDITOR_EXECUTE_QUERY
9596770:SQL_EDITOR_EXECUTE_QUERY
9603175:SQL_EDITOR_EXECUTE_QUERY
9603175:SQL_EDITOR_EXECUTE_QUERY
9605258:SQL_EDITOR_EXECUTE_QUERY
9605258:SQL_EDITOR_EXECUTE_QUERY
9606539:SQL_EDITOR_EXECUTE_QUERY
9606539:SQL_EDITOR_EXECUTE_QUERY
9650838:SQL_SCRIPT_RECENT
9650838:SQL_SCRIPT_RECENT
9667770:GENERAL_VIEW_OPEN:view=org.jkiss.dbeaver.core.projectNavigator
9667770:GENERAL_VIEW_OPEN:view=org.jkiss.dbeaver.core.projectNavigator
9677122:SQL_EDITOR_OPEN:driver=
9685874:SQL_EDITOR_EXECUTE_QUERY
9685874:SQL_EDITOR_EXECUTE_QUERY
9701896:SQL_SCRIPT_NEW
9701896:SQL_SCRIPT_NEW
9702392:SQL_EDITOR_OPEN:driver=oracle:oracle_thin
9725723:SQL_EDITOR_EXECUTE_QUERY
9725723:SQL_EDITOR_EXECUTE_QUERY
9728443:SQL_EDITOR_EXECUTE_QUERY
9728443:SQL_EDITOR_EXECUTE_QUERY
9732467:SQL_EDITOR_EXECUTE_QUERY
9732467:SQL_EDITOR_EXECUTE_QUERY
9769394:SQL_EDITOR_EXECUTE_QUERY
9769394:SQL_EDITOR_EXECUTE_QUERY
9859386:SQL_EDITOR_EXECUTE_QUERY
9859387:SQL_EDITOR_EXECUTE_QUERY
9872115:SQL_EDITOR_EXECUTE_QUERY
9872115:SQL_EDITOR_EXECUTE_QUERY
10019098:SQL_EDITOR_EXECUTE_QUERY
10019098:SQL_EDITOR_EXECUTE_QUERY
10028555:SQL_EDITOR_EXECUTE_QUERY
10028555:SQL_EDITOR_EXECUTE_QUERY
10094882:SQL_EDITOR_EXECUTE_QUERY
10094882:SQL_EDITOR_EXECUTE_QUERY
10097458:SQL_EDITOR_EXECUTE_QUERY
10097458:SQL_EDITOR_EXECUTE_QUERY
10099474:SQL_EDITOR_EXECUTE_QUERY
10099474:SQL_EDITOR_EXECUTE_QUERY
10108395:SQL_EDITOR_EXECUTE_QUERY
10108395:SQL_EDITOR_EXECUTE_QUERY
10109699:SQL_EDITOR_EXECUTE_QUERY
10109699:SQL_EDITOR_EXECUTE_QUERY
10113306:SQL_EDITOR_EXECUTE_QUERY
10113306:SQL_EDITOR_EXECUTE_QUERY
10123835:SQL_EDITOR_EXECUTE_QUERY
10123835:SQL_EDITOR_EXECUTE_QUERY
10181754:SQL_EDITOR_EXECUTE_QUERY
10181754:SQL_EDITOR_EXECUTE_QUERY
10216074:SQL_EDITOR_EXECUTE_QUERY
10216074:SQL_EDITOR_EXECUTE_QUERY
10228170:SQL_EDITOR_EXECUTE_QUERY
10228170:SQL_EDITOR_EXECUTE_QUERY
10252466:SQL_EDITOR_EXECUTE_QUERY
10252466:SQL_EDITOR_EXECUTE_QUERY
10279811:SQL_EDITOR_EXECUTE_QUERY
10279811:SQL_EDITOR_EXECUTE_QUERY
10290179:SQL_EDITOR_EXECUTE_QUERY
10290179:SQL_EDITOR_EXECUTE_QUERY
10390619:SQL_EDITOR_EXECUTE_QUERY
10390619:SQL_EDITOR_EXECUTE_QUERY
10403322:SQL_EDITOR_EXECUTE_QUERY
10403322:SQL_EDITOR_EXECUTE_QUERY
10415194:SQL_EDITOR_EXECUTE_QUERY
10415194:SQL_EDITOR_EXECUTE_QUERY
10418202:SQL_EDITOR_EXECUTE_QUERY
10418202:SQL_EDITOR_EXECUTE_QUERY
10420514:SQL_EDITOR_EXECUTE_QUERY
10420514:SQL_EDITOR_EXECUTE_QUERY
10427354:SQL_EDITOR_EXECUTE_QUERY
10427354:SQL_EDITOR_EXECUTE_QUERY
10442914:SQL_EDITOR_EXECUTE_QUERY
10442914:SQL_EDITOR_EXECUTE_QUERY
10481682:SQL_EDITOR_EXECUTE_QUERY
10481682:SQL_EDITOR_EXECUTE_QUERY
10521250:SQL_EDITOR_EXECUTE_QUERY
10521250:SQL_EDITOR_EXECUTE_QUERY
10554026:SQL_EDITOR_EXECUTE_QUERY
10554026:SQL_EDITOR_EXECUTE_QUERY
10562697:SQL_EDITOR_EXECUTE_QUERY
10562697:SQL_EDITOR_EXECUTE_QUERY
10567714:SQL_EDITOR_EXECUTE_QUERY
10567714:SQL_EDITOR_EXECUTE_QUERY
10587754:SQL_EDITOR_EXECUTE_QUERY
10587754:SQL_EDITOR_EXECUTE_QUERY
10594250:SQL_EDITOR_EXECUTE_QUERY
10594250:SQL_EDITOR_EXECUTE_QUERY
