2490:APP_OPEN:startTime=1716164075517
6043:GENERAL_SHOW_PERSPECTIVE:perspective=org.jkiss.dbeaver.core.perspective
6043:GENERAL_VIEW_OPEN:view=org.jkiss.dbeaver.core.databaseNavigator
6043:GENERAL_VIEW_OPEN:view=org.jkiss.dbeaver.core.projectExplorer
6051:GENERAL_SHOW_PERSPECTIVE:perspective=org.jkiss.dbeaver.core.perspective
6051:GENERAL_VIEW_OPEN:view=org.jkiss.dbeaver.core.databaseNavigator
6051:GENERAL_VIEW_OPEN:view=org.jkiss.dbeaver.core.projectExplorer
6462:CONNECTION_OPEN:driver=oracle:oracle_thin
6693:SQL_EDITOR_OPEN:driver=oracle:oracle_thin
31186:SQL_EDITOR_OPEN:driver=oracle:oracle_thin
46273:CONNECTION_OPEN:driver=mysql:mysql8
46341:SQL_EDITOR_OPEN:driver=mysql:mysql8
2945750:SQL_EDITOR_EXECUTE_QUERY
2945750:SQL_EDITOR_EXECUTE_QUERY
2951669:SQL_EDITOR_EXECUTE_QUERY
2951669:SQL_EDITOR_EXECUTE_QUERY
3785668:SQL_EDITOR_EXECUTE_QUERY
3785668:SQL_EDITOR_EXECUTE_QUERY
3790115:SQL_EDITOR_EXECUTE_QUERY
3790115:SQL_EDITOR_EXECUTE_QUERY
3793859:SQL_EDITOR_EXECUTE_QUERY
3793859:SQL_EDITOR_EXECUTE_QUERY
3798123:SQL_EDITOR_EXECUTE_QUERY
3798123:SQL_EDITOR_EXECUTE_QUERY
3876133:SQL_EDITOR_EXECUTE_QUERY
3876133:SQL_EDITOR_EXECUTE_QUERY
4137987:SQL_EDITOR_EXECUTE_QUERY
4137987:SQL_EDITOR_EXECUTE_QUERY
4170929:SQL_EDITOR_EXECUTE_QUERY
4170929:SQL_EDITOR_EXECUTE_QUERY
