9012:APP_OPEN:startTime=1716272299857
14086:GENERAL_SHOW_PERSPECTIVE:perspective=org.jkiss.dbeaver.core.perspective
14087:GENERAL_VIEW_OPEN:view=org.jkiss.dbeaver.core.databaseNavigator
14087:GENERAL_VIEW_OPEN:view=org.jkiss.dbeaver.core.projectExplorer
14094:GENERAL_SHOW_PERSPECTIVE:perspective=org.jkiss.dbeaver.core.perspective
14094:GENERAL_VIEW_OPEN:view=org.jkiss.dbeaver.core.databaseNavigator
14094:GENERAL_VIEW_OPEN:view=org.jkiss.dbeaver.core.projectExplorer
14595:CONNECTION_OPEN:driver=mysql:mysql8
14823:SQL_EDITOR_OPEN:driver=mysql:mysql8
40349:SQL_SCRIPT_NEW
40349:SQL_SCRIPT_NEW
40927:SQL_EDITOR_OPEN:driver=mysql:mysql8
58774:SQL_EDITOR_EXECUTE_QUERY
58774:SQL_EDITOR_EXECUTE_QUERY
61486:SQL_EDITOR_EXECUTE_QUERY
61486:SQL_EDITOR_EXECUTE_QUERY
81374:SQL_EDITOR_EXECUTE_QUERY
81374:SQL_EDITOR_EXECUTE_QUERY
83166:SQL_EDITOR_EXECUTE_QUERY
83167:SQL_EDITOR_EXECUTE_QUERY
416809:CONNECTION_EDIT:driver=mysql:mysql8
430403:CONNECTION_EDIT:driver=oracle:oracle_thin
434368:CONNECTION_EDIT:driver=oracle:oracle_thin
441400:CONNECTION_OPEN:driver=oracle:oracle_thin
1923527:SQL_EDITOR_EXECUTE_QUERY
1923527:SQL_EDITOR_EXECUTE_QUERY
2145024:SQL_EDITOR_EXECUTE_QUERY
2145024:SQL_EDITOR_EXECUTE_QUERY
2663576:SQL_EDITOR_EXECUTE_QUERY
2663576:SQL_EDITOR_EXECUTE_QUERY
3548592:SQL_EDITOR_EXECUTE_QUERY
3548592:SQL_EDITOR_EXECUTE_QUERY
3657041:SQL_EDITOR_EXECUTE_QUERY
3657041:SQL_EDITOR_EXECUTE_QUERY
3709777:SQL_EDITOR_EXECUTE_QUERY
3709777:SQL_EDITOR_EXECUTE_QUERY
