2540:APP_OPEN:startTime=1723461816121
5826:GENERAL_SHOW_PERSPECTIVE:perspective=org.jkiss.dbeaver.core.perspective
5826:GENERAL_VIEW_OPEN:view=org.jkiss.dbeaver.core.databaseNavigator
5836:GENERAL_SHOW_PERSPECTIVE:perspective=org.jkiss.dbeaver.core.perspective
5837:GENERAL_VIEW_OPEN:view=org.jkiss.dbeaver.core.databaseNavigator
6206:CONNECTION_OPEN:driver=mysql:mysql8
6422:SQL_EDITOR_OPEN:driver=mysql:mysql8
11432:SQL_EDITOR_EXECUTE_QUERY
11432:SQL_EDITOR_EXECUTE_QUERY
1779742:SQL_EDITOR_EXECUTE_QUERY
1779742:SQL_EDITOR_EXECUTE_QUERY
1782022:SQL_EDITOR_EXECUTE_QUERY
1782022:SQL_EDITOR_EXECUTE_QUERY
1823454:SQL_EDITOR_EXECUTE_QUERY
1823454:SQL_EDITOR_EXECUTE_QUERY
1966726:SQL_EDITOR_EXECUTE_QUERY
1966726:SQL_EDITOR_EXECUTE_QUERY
2725092:SQL_EDITOR_EXECUTE_QUERY
2725092:SQL_EDITOR_EXECUTE_QUERY
2732133:SQL_EDITOR_EXECUTE_QUERY
2732133:SQL_EDITOR_EXECUTE_QUERY
2735693:SQL_EDITOR_EXECUTE_QUERY
2735693:SQL_EDITOR_EXECUTE_QUERY
2736572:SQL_EDITOR_EXECUTE_QUERY
2736572:SQL_EDITOR_EXECUTE_QUERY
2737028:SQL_EDITOR_EXECUTE_QUERY
2737028:SQL_EDITOR_EXECUTE_QUERY
2737429:SQL_EDITOR_EXECUTE_QUERY
2737429:SQL_EDITOR_EXECUTE_QUERY
2737781:SQL_EDITOR_EXECUTE_QUERY
2737781:SQL_EDITOR_EXECUTE_QUERY
2738100:SQL_EDITOR_EXECUTE_QUERY
2738100:SQL_EDITOR_EXECUTE_QUERY
2738461:SQL_EDITOR_EXECUTE_QUERY
2738461:SQL_EDITOR_EXECUTE_QUERY
2739357:SQL_EDITOR_EXECUTE_QUERY
2739357:SQL_EDITOR_EXECUTE_QUERY
2975157:SQL_EDITOR_EXECUTE_QUERY
2975157:SQL_EDITOR_EXECUTE_QUERY
4145043:SQL_EDITOR_EXECUTE_QUERY
4145043:SQL_EDITOR_EXECUTE_QUERY
5056146:SQL_EDITOR_EXECUTE_QUERY
5056146:SQL_EDITOR_EXECUTE_QUERY
5088306:SQL_EDITOR_EXECUTE_QUERY
5088306:SQL_EDITOR_EXECUTE_QUERY
