8582:APP_OPEN:startTime=1724199256310
12826:GENERAL_SHOW_PERSPECTIVE:perspective=org.jkiss.dbeaver.core.perspective
12826:GENERAL_VIEW_OPEN:view=org.jkiss.dbeaver.core.databaseNavigator
12834:GENERAL_SHOW_PERSPECTIVE:perspective=org.jkiss.dbeaver.core.perspective
12834:GENERAL_VIEW_OPEN:view=org.jkiss.dbeaver.core.databaseNavigator
13315:CONNECTION_OPEN:driver=mysql:mysql8
13480:SQL_EDITOR_OPEN:driver=mysql:mysql8
20478:SQL_EDITOR_OPEN:driver=mysql:mysql8
32070:SQL_EDITOR_EXECUTE_QUERY
32070:SQL_EDITOR_EXECUTE_QUERY
37117:SQL_EDITOR_EXECUTE_QUERY
37117:SQL_EDITOR_EXECUTE_QUERY
1861471:SQL_EDITOR_EXECUTE_QUERY
1861471:SQL_EDITOR_EXECUTE_QUERY
4520782:SQL_EDITOR_EXECUTE_QUERY
4520782:SQL_EDITOR_EXECUTE_QUERY
5881346:CONNECTION_CREATE:driver=mysql:mysql8
5887782:CONNECTION_OPEN:driver=mysql:mysql8
5894761:SQL_EDITOR_OPEN:driver=mysql:mysql8
5927902:SQL_EDITOR_EXECUTE_QUERY
5927902:SQL_EDITOR_EXECUTE_QUERY
7707311:SQL_EDITOR_EXECUTE_QUERY
7707311:SQL_EDITOR_EXECUTE_QUERY
7709247:SQL_EDITOR_EXECUTE_QUERY
7709247:SQL_EDITOR_EXECUTE_QUERY
7710687:SQL_EDITOR_EXECUTE_QUERY
7710687:SQL_EDITOR_EXECUTE_QUERY
7713263:SQL_EDITOR_EXECUTE_QUERY
7713263:SQL_EDITOR_EXECUTE_QUERY
7715855:SQL_EDITOR_EXECUTE_QUERY
7715855:SQL_EDITOR_EXECUTE_QUERY
7719400:SQL_EDITOR_EXECUTE_QUERY
7719400:SQL_EDITOR_EXECUTE_QUERY
7722492:SQL_EDITOR_EXECUTE_QUERY
7722492:SQL_EDITOR_EXECUTE_QUERY
7731655:SQL_EDITOR_EXECUTE_QUERY
7731655:SQL_EDITOR_EXECUTE_QUERY
