2024-08-02 10:06:09.413 - DBeaver 24.0.3.202404211624 is starting
2024-08-02 10:06:09.414 - OS: Windows 10 10.0 (amd64)
2024-08-02 10:06:09.414 - Java version: 17.0.6 by Eclipse Adoptium (64bit)
2024-08-02 10:06:09.414 - Install path: 'H:\workspace\oracle\DBeaver'
2024-08-02 10:06:09.415 - Instance path: 'file:/H:/workspace/multi/04_db/'
2024-08-02 10:06:09.416 - Memory available 64Mb/1024Mb
2024-08-02 10:06:09.425 - Create display
2024-08-02 10:06:09.661 - Initialize desktop platform...
2024-08-02 10:06:09.837 - BounceCastle bundle found. Use JCE provider BC
> Start Core File Systems [org.eclipse.core.filesystem 1.10.200.v20231102-0934]
> Start Core Resource Management [org.eclipse.core.resources 3.20.0.v20231102-0934]
> Start 팀 지원 핵심 [org.eclipse.team.core 3.10.200.v20231106-1240]
> Start DBeaver UI Navigator [org.jkiss.dbeaver.ui.navigator 1.0.129.202404211624]
2024-08-02 10:06:10.242 - Initialize base platform...
2024-08-02 10:06:10.273 - Platform initialized (612ms)
> Start DBeaver UI Editors - Base [org.jkiss.dbeaver.ui.editors.base 1.0.129.202404211624]
2024-08-02 10:06:10.414 - Starting instance server at http://localhost:9457
2024-08-02 10:06:10.435 - Run workbench
> Start Eclipse e4 작업영역 SWT [org.eclipse.e4.ui.workbench.swt 0.17.200.v20231030-2045]
> Start Eclipse Application Services [org.eclipse.e4.core.services 2.4.200.v20231103-2012]
> Start Eclipse UI Application Services [org.eclipse.e4.ui.services 1.6.200.v20231030-2045]
> Start Eclipse e4 Progress View [org.eclipse.e4.ui.progress 0.4.200.v20231030-2045]
> Start Eclipse Bindings Support [org.eclipse.e4.ui.bindings 0.14.200.v20231030-2045]
> Start Eclipse e4 core commands [org.eclipse.e4.core.commands 1.1.200.v20231108-1058]
> Start EMF XML/XMI Persistence [org.eclipse.emf.ecore.xmi 2.36.0.v20231002-1156]
> Start Eclipse CSS SWT Theme Support [org.eclipse.e4.ui.css.swt.theme 0.14.200.v20230913-1724]
> Start Eclipse e4 작업영역 기능 추가 [org.eclipse.e4.ui.workbench.addons.swt 1.5.200.v20231106-1600]
> Start Eclipse e4 작업영역 SWT 렌더러 [org.eclipse.e4.ui.workbench.renderers.swt 0.16.200.v20231030-2045]
> Start Eclipse Dependency Injection Extensions [org.eclipse.e4.core.di.extensions 0.18.100.v20231103-2012]
> Start Eclipse CSS SWT Support [org.eclipse.e4.ui.css.swt 0.15.200.v20231025-0632]
2024-08-02 10:06:19.214 - Configure workbench window
> Start DBeaver SQL Model [org.jkiss.dbeaver.model.sql 1.0.119.202404211624]
2024-08-02 10:06:19.465 - Total database drivers: 112 (112)
> Start 도움말 시스템 코어 [org.eclipse.help 3.10.200.v20231106-1240]
2024-08-02 10:06:19.677 - Create actions
2024-08-02 10:06:19.705 - Disable Eclipse action set 'org.eclipse.ui.edit.text.actionSet.annotationNavigation'
2024-08-02 10:06:19.705 - Disable Eclipse action set 'org.eclipse.ui.WorkingSetActionSet'
2024-08-02 10:06:19.706 - Disable Eclipse action set 'org.eclipse.ui.actionSet.openFiles'
2024-08-02 10:06:19.706 - Create workbench actions
> Start jna [com.sun.jna 5.13.0.v20230812-1000]
2024-08-02 10:06:21.029 - Initialize workbench window
2024-08-02 10:06:21.034 - Finish initialization
> Start 기본 문서 편집기 [org.eclipse.ui.editors 3.17.100.v20231106-1600]
> Start 텍스트 편집기 프레임워크 [org.eclipse.ui.workbench.texteditor 3.17.200.v20231106-1600]
> Start DBeaver UI Editors - Data [org.jkiss.dbeaver.ui.editors.data 1.0.129.202404211624]
Warning: NLS unused message: actions_navigator__objects in: org.jkiss.dbeaver.ui.editors.sql.internal.SQLEditorMessages
> Start DBeaver UI Editors - SQL [org.jkiss.dbeaver.ui.editors.sql 1.0.129.202404211624]
> Start DBeaver SQL Terminal [org.jkiss.dbeaver.ui.editors.sql.terminal 1.0.105.202404211624]
> Start 핵심 비교 지원 [org.eclipse.compare.core 3.8.300.v20231106-1240]
> Start 인터넷 연결 관리 사용자 인터페이스 [org.eclipse.ui.net 1.5.200.v20231106-1240]
> Start Internet Connection Management [org.eclipse.core.net 1.5.200.v20231106-1240]
> Start DBeaver Sample Database [org.jkiss.dbeaver.ext.sample.database 1.0.166.202404211624]
> Start DBeaver Tip of the day [org.jkiss.dbeaver.ext.ui.tipoftheday 1.0.135.202404211624]
> Start GEF Classic Draw2d [org.eclipse.draw2d 3.14.100.202311222042]
> Start GEF Classic GEF (MVC) [org.eclipse.gef 3.16.0.202311222042]
> Start DBeaver ERD UI [org.jkiss.dbeaver.erd.ui 3.0.89.202404211624]
> Start DBeaver ERD Model [org.jkiss.dbeaver.erd.model 1.0.89.202404211624]
> Start DBeaver Dashboard UI [org.jkiss.dbeaver.ui.dashboard 1.0.126.202404211624]
> Start DBeaver Dashboards Model [org.jkiss.dbeaver.model.dashboard 1.0.2.202404211624]
> Start DBeaver JDBC Model [org.jkiss.dbeaver.model.jdbc 1.0.22.202404211624]
> Start DBeaver Oracle Model [org.jkiss.dbeaver.ext.oracle 2.1.214.202404211624]
> Start DBeaver UI Editors - Connections [org.jkiss.dbeaver.ui.editors.connection 1.0.120.202404211624]
> Start 콘솔 [org.eclipse.ui.console 3.13.100.v20230914-0751]
> Start 디버그 핵심 [org.eclipse.debug.core 3.21.200.v20231021-1513]
> Start DBeaver SQL Language Semantic Model [org.jkiss.dbeaver.model.lsm 1.0.24.202404211624]
2024-08-02 10:06:25.000 - Connect with 'localhost 2' (mysql8-18f3c4755fa-48d44911c1ae78cb)
> Start DBeaver MySQL Support [org.jkiss.dbeaver.ext.mysql 2.1.214.202404211624]
2024-08-02 10:06:25.055 - Execution context opened (localhost 2; Main; 0)
> Start DBeaver GIS Support [org.jkiss.dbeaver.data.gis 1.0.153.202404211624]
2024-08-02 10:06:25.458 - Execution context opened (localhost 2; Metadata; 1)
2024-08-02 10:06:25.593 - Connected (mysql8-18f3c4755fa-48d44911c1ae78cb, MySQL Connector/J [mysql-connector-j-8.2.0 (Revision: 06a1f724497fd81c6a659131fda822c9e5085b6c)])
2024-08-02 10:06:25.604 - Execution context opened (localhost 2; SQLEditor <Script-27.sql>; 2)
2024-08-02 10:06:26.316 - Open [https://dbeaver.io/product/version.xml]
> Start DBeaver Tasks - Native Tools UI [org.jkiss.dbeaver.tasks.native.ui 1.0.107.202404211624]
> Start DBeaver MySQL UI Support [org.jkiss.dbeaver.ext.mysql.ui 1.0.121.202404211624]
> Start DBeaver Tasks - General UI [org.jkiss.dbeaver.tasks.ui 1.0.107.202404211624]
2024-08-02 10:43:47.929 - End idle 1 transactions for mysql8-18f3c4755fa-48d44911c1ae78cb
> Start DBeaver Data Transfer [org.jkiss.dbeaver.data.transfer 2.0.113.202404211624]
2024-08-02 11:15:03.289 - SQL Error [1136] [21S01]: Column count doesn't match value count at row 1
org.jkiss.dbeaver.model.sql.DBSQLException: SQL Error [1136] [21S01]: Column count doesn't match value count at row 1
	at org.jkiss.dbeaver.model.impl.jdbc.exec.JDBCStatementImpl.executeStatement(JDBCStatementImpl.java:133)
	at org.jkiss.dbeaver.ui.editors.sql.execute.SQLQueryJob.executeStatement(SQLQueryJob.java:614)
	at org.jkiss.dbeaver.ui.editors.sql.execute.SQLQueryJob.lambda$2(SQLQueryJob.java:505)
	at org.jkiss.dbeaver.ui.editors.sql.execute.SQLQueryJob.executeSingleQuery(SQLQueryJob.java:527)
	at org.jkiss.dbeaver.ui.editors.sql.execute.SQLQueryJob.extractData(SQLQueryJob.java:976)
	at org.jkiss.dbeaver.ui.editors.sql.SQLEditor$QueryResultsContainer.readData(SQLEditor.java:4155)
	at org.jkiss.dbeaver.ui.controls.resultset.ResultSetJobDataRead.lambda$0(ResultSetJobDataRead.java:123)
	at org.jkiss.dbeaver.model.exec.DBExecUtils.tryExecuteRecover(DBExecUtils.java:194)
	at org.jkiss.dbeaver.ui.controls.resultset.ResultSetJobDataRead.run(ResultSetJobDataRead.java:121)
	at org.jkiss.dbeaver.ui.controls.resultset.ResultSetViewer$ResultSetDataPumpJob.run(ResultSetViewer.java:5152)
	at org.jkiss.dbeaver.model.runtime.AbstractJob.run(AbstractJob.java:115)
	at org.eclipse.core.internal.jobs.Worker.run(Worker.java:63)
Caused by: java.sql.SQLException: Column count doesn't match value count at row 1
	at com.mysql.cj.jdbc.exceptions.SQLError.createSQLException(SQLError.java:130)
	at com.mysql.cj.jdbc.exceptions.SQLExceptionsMapping.translateException(SQLExceptionsMapping.java:122)
	at com.mysql.cj.jdbc.StatementImpl.executeInternal(StatementImpl.java:767)
	at com.mysql.cj.jdbc.StatementImpl.execute(StatementImpl.java:652)
	at org.jkiss.dbeaver.model.impl.jdbc.exec.JDBCStatementImpl.execute(JDBCStatementImpl.java:330)
	at org.jkiss.dbeaver.model.impl.jdbc.exec.JDBCStatementImpl.executeStatement(JDBCStatementImpl.java:131)
	... 11 more
2024-08-02 11:15:11.466 - Table 'scott.payment_point' not found in metadata catalog
2024-08-02 11:15:11.466 - Table 'scott.payment_point' not found in metadata catalog
2024-08-02 11:15:11.466 - Table 'scott.payment_point' not found in metadata catalog
2024-08-02 11:15:11.466 - Table 'scott.payment_point' not found in metadata catalog
2024-08-02 11:15:11.467 - Table 'scott.payment_point' not found in metadata catalog
2024-08-02 11:15:11.467 - Table 'scott.payment_point' not found in metadata catalog
2024-08-02 11:15:11.467 - Table 'scott.payment_point' not found in metadata catalog
2024-08-02 11:19:10.231 - Table 'scott.payment_point' not found in metadata catalog
2024-08-02 11:19:10.232 - Table 'scott.payment_point' not found in metadata catalog
2024-08-02 11:19:10.232 - Table 'scott.payment_point' not found in metadata catalog
2024-08-02 11:19:10.232 - Table 'scott.payment_point' not found in metadata catalog
2024-08-02 11:19:10.232 - Table 'scott.payment_point' not found in metadata catalog
2024-08-02 11:19:10.232 - Table 'scott.payment_point' not found in metadata catalog
2024-08-02 11:19:10.232 - Table 'scott.payment_point' not found in metadata catalog
2024-08-02 11:20:02.704 - Table 'scott.payment_point' not found in metadata catalog
2024-08-02 11:20:02.704 - Table 'scott.payment_point' not found in metadata catalog
2024-08-02 11:20:02.704 - Table 'scott.payment_point' not found in metadata catalog
2024-08-02 11:20:02.705 - Table 'scott.payment_point' not found in metadata catalog
2024-08-02 11:20:02.705 - Table 'scott.payment_point' not found in metadata catalog
2024-08-02 11:20:02.705 - Table 'scott.payment_point' not found in metadata catalog
2024-08-02 11:20:02.705 - Table 'scott.payment_point' not found in metadata catalog
2024-08-02 11:20:18.409 - Table 'scott.payment_point' not found in metadata catalog
2024-08-02 11:20:18.409 - Table 'scott.payment_point' not found in metadata catalog
2024-08-02 11:20:18.409 - Table 'scott.payment_point' not found in metadata catalog
2024-08-02 11:20:18.410 - Table 'scott.payment_point' not found in metadata catalog
2024-08-02 11:20:18.410 - Table 'scott.payment_point' not found in metadata catalog
2024-08-02 11:20:18.410 - Table 'scott.payment_point' not found in metadata catalog
2024-08-02 11:20:18.410 - Table 'scott.payment_point' not found in metadata catalog
2024-08-02 11:25:01.411 - Table 'scott.payment_point' not found in metadata catalog
2024-08-02 11:25:01.412 - Table 'scott.payment_point' not found in metadata catalog
2024-08-02 11:25:01.412 - Table 'scott.payment_point' not found in metadata catalog
2024-08-02 11:25:01.412 - Table 'scott.payment_point' not found in metadata catalog
2024-08-02 11:25:01.412 - Table 'scott.payment_point' not found in metadata catalog
2024-08-02 11:25:01.412 - Table 'scott.payment_point' not found in metadata catalog
2024-08-02 11:25:01.412 - Table 'scott.payment_point' not found in metadata catalog
2024-08-02 11:32:00.864 - Table 'scott.payment_point' not found in metadata catalog
2024-08-02 11:32:00.864 - Table 'scott.payment_point' not found in metadata catalog
2024-08-02 11:32:00.866 - Table 'scott.payment_point' not found in metadata catalog
2024-08-02 11:32:00.866 - Table 'scott.payment_point' not found in metadata catalog
2024-08-02 11:32:00.866 - Table 'scott.payment_point' not found in metadata catalog
2024-08-02 11:32:00.866 - Table 'scott.payment_point' not found in metadata catalog
2024-08-02 11:32:00.866 - Table 'scott.payment_point' not found in metadata catalog
2024-08-02 11:34:51.392 - Table 'scott.payment_point' not found in metadata catalog
2024-08-02 11:34:51.392 - Table 'scott.payment_point' not found in metadata catalog
2024-08-02 11:34:51.393 - Table 'scott.payment_point' not found in metadata catalog
2024-08-02 11:34:51.393 - Table 'scott.payment_point' not found in metadata catalog
2024-08-02 11:34:51.393 - Table 'scott.payment_point' not found in metadata catalog
2024-08-02 11:34:51.393 - Table 'scott.payment_point' not found in metadata catalog
2024-08-02 11:34:51.393 - Table 'scott.payment_point' not found in metadata catalog
2024-08-02 11:35:39.168 - Table 'scott.payment_point' not found in metadata catalog
2024-08-02 11:35:39.168 - Table 'scott.payment_point' not found in metadata catalog
2024-08-02 11:35:39.168 - Table 'scott.payment_point' not found in metadata catalog
2024-08-02 11:35:39.168 - Table 'scott.payment_point' not found in metadata catalog
2024-08-02 11:35:39.168 - Table 'scott.payment_point' not found in metadata catalog
2024-08-02 11:35:39.169 - Table 'scott.payment_point' not found in metadata catalog
2024-08-02 11:35:39.169 - Table 'scott.payment_point' not found in metadata catalog
2024-08-02 11:35:47.945 - Table 'scott.payment_point' not found in metadata catalog
2024-08-02 11:35:47.945 - Table 'scott.payment_point' not found in metadata catalog
2024-08-02 11:35:47.945 - Table 'scott.payment_point' not found in metadata catalog
2024-08-02 11:35:47.945 - Table 'scott.payment_point' not found in metadata catalog
2024-08-02 11:35:47.945 - Table 'scott.payment_point' not found in metadata catalog
2024-08-02 11:35:47.945 - Table 'scott.payment_point' not found in metadata catalog
2024-08-02 11:35:47.946 - Table 'scott.payment_point' not found in metadata catalog
2024-08-02 11:35:49.432 - Table 'scott.payment_point' not found in metadata catalog
2024-08-02 11:35:49.433 - Table 'scott.payment_point' not found in metadata catalog
2024-08-02 11:35:49.433 - Table 'scott.payment_point' not found in metadata catalog
2024-08-02 11:35:49.433 - Table 'scott.payment_point' not found in metadata catalog
2024-08-02 11:35:49.433 - Table 'scott.payment_point' not found in metadata catalog
2024-08-02 11:35:49.433 - Table 'scott.payment_point' not found in metadata catalog
2024-08-02 11:35:49.433 - Table 'scott.payment_point' not found in metadata catalog
2024-08-02 11:36:13.952 - Table 'scott.payment_point' not found in metadata catalog
2024-08-02 11:36:13.952 - Table 'scott.payment_point' not found in metadata catalog
2024-08-02 11:36:13.952 - Table 'scott.payment_point' not found in metadata catalog
2024-08-02 11:36:13.952 - Table 'scott.payment_point' not found in metadata catalog
2024-08-02 11:36:13.952 - Table 'scott.payment_point' not found in metadata catalog
2024-08-02 11:36:13.952 - Table 'scott.payment_point' not found in metadata catalog
2024-08-02 11:36:13.953 - Table 'scott.payment_point' not found in metadata catalog
2024-08-02 11:37:26.289 - Table 'scott.payment_point' not found in metadata catalog
2024-08-02 11:37:26.290 - Table 'scott.payment_point' not found in metadata catalog
2024-08-02 11:37:26.290 - Table 'scott.payment_point' not found in metadata catalog
2024-08-02 11:37:26.290 - Table 'scott.payment_point' not found in metadata catalog
2024-08-02 11:37:26.290 - Table 'scott.payment_point' not found in metadata catalog
2024-08-02 11:37:26.290 - Table 'scott.payment_point' not found in metadata catalog
2024-08-02 11:37:26.290 - Table 'scott.payment_point' not found in metadata catalog
2024-08-02 11:38:22.336 - Table 'scott.payment_point' not found in metadata catalog
2024-08-02 11:38:22.337 - Table 'scott.payment_point' not found in metadata catalog
2024-08-02 11:38:22.337 - Table 'scott.payment_point' not found in metadata catalog
2024-08-02 11:38:22.337 - Table 'scott.payment_point' not found in metadata catalog
2024-08-02 11:38:22.337 - Table 'scott.payment_point' not found in metadata catalog
2024-08-02 11:38:22.337 - Table 'scott.payment_point' not found in metadata catalog
2024-08-02 11:38:22.337 - Table 'scott.payment_point' not found in metadata catalog
2024-08-02 11:38:40.239 - Table 'scott.payment_point' not found in metadata catalog
2024-08-02 11:38:40.240 - Table 'scott.payment_point' not found in metadata catalog
2024-08-02 11:38:40.240 - Table 'scott.payment_point' not found in metadata catalog
2024-08-02 11:38:40.240 - Table 'scott.payment_point' not found in metadata catalog
2024-08-02 11:38:40.240 - Table 'scott.payment_point' not found in metadata catalog
2024-08-02 11:38:40.240 - Table 'scott.payment_point' not found in metadata catalog
2024-08-02 11:38:40.240 - Table 'scott.payment_point' not found in metadata catalog
2024-08-02 13:16:50.411 - Table 'scott.payment_point' not found in metadata catalog
2024-08-02 13:16:50.412 - Table 'scott.payment_point' not found in metadata catalog
2024-08-02 13:16:50.412 - Table 'scott.payment_point' not found in metadata catalog
2024-08-02 13:16:50.413 - Table 'scott.payment_point' not found in metadata catalog
2024-08-02 13:16:50.413 - Table 'scott.payment_point' not found in metadata catalog
2024-08-02 13:16:50.413 - Table 'scott.payment_point' not found in metadata catalog
2024-08-02 13:16:50.413 - Table 'scott.payment_point' not found in metadata catalog
2024-08-02 13:17:20.652 - Table 'scott.payment_point' not found in metadata catalog
2024-08-02 13:17:20.652 - Table 'scott.payment_point' not found in metadata catalog
2024-08-02 13:17:20.652 - Table 'scott.payment_point' not found in metadata catalog
2024-08-02 13:17:20.652 - Table 'scott.payment_point' not found in metadata catalog
2024-08-02 13:17:20.652 - Table 'scott.payment_point' not found in metadata catalog
2024-08-02 13:17:20.652 - Table 'scott.payment_point' not found in metadata catalog
2024-08-02 13:17:20.652 - Table 'scott.payment_point' not found in metadata catalog
2024-08-02 13:27:11.914 - Table 'scott.payment_point' not found in metadata catalog
2024-08-02 13:27:11.914 - Table 'scott.payment_point' not found in metadata catalog
2024-08-02 13:27:11.914 - Table 'scott.payment_point' not found in metadata catalog
2024-08-02 13:27:11.914 - Table 'scott.payment_point' not found in metadata catalog
2024-08-02 13:27:11.914 - Table 'scott.payment_point' not found in metadata catalog
2024-08-02 13:27:11.915 - Table 'scott.payment_point' not found in metadata catalog
2024-08-02 13:27:11.915 - Table 'scott.payment_point' not found in metadata catalog
2024-08-02 13:27:30.088 - SQL Error [1146] [42S02]: Table 'scott.payment_point' doesn't exist
org.jkiss.dbeaver.model.sql.DBSQLException: SQL Error [1146] [42S02]: Table 'scott.payment_point' doesn't exist
	at org.jkiss.dbeaver.model.impl.jdbc.exec.JDBCStatementImpl.executeStatement(JDBCStatementImpl.java:133)
	at org.jkiss.dbeaver.ui.editors.sql.execute.SQLQueryJob.executeStatement(SQLQueryJob.java:614)
	at org.jkiss.dbeaver.ui.editors.sql.execute.SQLQueryJob.lambda$2(SQLQueryJob.java:505)
	at org.jkiss.dbeaver.ui.editors.sql.execute.SQLQueryJob.executeSingleQuery(SQLQueryJob.java:527)
	at org.jkiss.dbeaver.ui.editors.sql.execute.SQLQueryJob.extractData(SQLQueryJob.java:976)
	at org.jkiss.dbeaver.ui.editors.sql.SQLEditor$QueryResultsContainer.readData(SQLEditor.java:4155)
	at org.jkiss.dbeaver.ui.controls.resultset.ResultSetJobDataRead.lambda$0(ResultSetJobDataRead.java:123)
	at org.jkiss.dbeaver.model.exec.DBExecUtils.tryExecuteRecover(DBExecUtils.java:194)
	at org.jkiss.dbeaver.ui.controls.resultset.ResultSetJobDataRead.run(ResultSetJobDataRead.java:121)
	at org.jkiss.dbeaver.ui.controls.resultset.ResultSetViewer$ResultSetDataPumpJob.run(ResultSetViewer.java:5152)
	at org.jkiss.dbeaver.model.runtime.AbstractJob.run(AbstractJob.java:115)
	at org.eclipse.core.internal.jobs.Worker.run(Worker.java:63)
Caused by: java.sql.SQLSyntaxErrorException: Table 'scott.payment_point' doesn't exist
	at com.mysql.cj.jdbc.exceptions.SQLError.createSQLException(SQLError.java:121)
	at com.mysql.cj.jdbc.exceptions.SQLExceptionsMapping.translateException(SQLExceptionsMapping.java:122)
	at com.mysql.cj.jdbc.StatementImpl.executeInternal(StatementImpl.java:767)
	at com.mysql.cj.jdbc.StatementImpl.execute(StatementImpl.java:652)
	at org.jkiss.dbeaver.model.impl.jdbc.exec.JDBCStatementImpl.execute(JDBCStatementImpl.java:330)
	at org.jkiss.dbeaver.model.impl.jdbc.exec.JDBCStatementImpl.executeStatement(JDBCStatementImpl.java:131)
	... 11 more
2024-08-02 13:27:34.912 - Table 'scott.payment_point' not found in metadata catalog
2024-08-02 13:27:34.912 - Table 'scott.payment_point' not found in metadata catalog
2024-08-02 13:27:34.912 - Table 'scott.payment_point' not found in metadata catalog
2024-08-02 13:27:34.913 - Table 'scott.payment_point' not found in metadata catalog
2024-08-02 13:27:34.913 - Table 'scott.payment_point' not found in metadata catalog
2024-08-02 13:27:34.913 - Table 'scott.payment_point' not found in metadata catalog
2024-08-02 13:27:34.913 - Table 'scott.payment_point' not found in metadata catalog
2024-08-02 13:28:15.182 - Table 'scott.payment_point' not found in metadata catalog
2024-08-02 13:28:15.182 - Table 'scott.payment_point' not found in metadata catalog
2024-08-02 13:28:15.182 - Table 'scott.payment_point' not found in metadata catalog
2024-08-02 13:28:15.183 - Table 'scott.payment_point' not found in metadata catalog
2024-08-02 13:28:15.183 - Table 'scott.payment_point' not found in metadata catalog
2024-08-02 13:28:15.183 - Table 'scott.payment_point' not found in metadata catalog
2024-08-02 13:28:15.183 - Table 'scott.payment_point' not found in metadata catalog
2024-08-02 13:28:20.686 - Table 'scott.payment_point' not found in metadata catalog
2024-08-02 13:28:20.686 - Table 'scott.payment_point' not found in metadata catalog
2024-08-02 13:28:20.686 - Table 'scott.payment_point' not found in metadata catalog
2024-08-02 13:28:20.687 - Table 'scott.payment_point' not found in metadata catalog
2024-08-02 13:28:20.687 - Table 'scott.payment_point' not found in metadata catalog
2024-08-02 13:28:20.687 - Table 'scott.payment_point' not found in metadata catalog
2024-08-02 13:28:20.687 - Table 'scott.payment_point' not found in metadata catalog
2024-08-02 13:30:32.703 - Table 'scott.payment_point' not found in metadata catalog
2024-08-02 13:30:32.703 - Table 'scott.payment_point' not found in metadata catalog
2024-08-02 13:30:32.703 - Table 'scott.payment_point' not found in metadata catalog
2024-08-02 13:30:32.704 - Table 'scott.payment_point' not found in metadata catalog
2024-08-02 13:30:32.704 - Table 'scott.payment_point' not found in metadata catalog
2024-08-02 13:30:32.704 - Table 'scott.payment_point' not found in metadata catalog
2024-08-02 13:30:32.704 - Table 'scott.payment_point' not found in metadata catalog
2024-08-02 13:31:08.920 - Table 'scott.payment_point' not found in metadata catalog
2024-08-02 13:31:08.920 - Table 'scott.payment_point' not found in metadata catalog
2024-08-02 13:31:08.920 - Table 'scott.payment_point' not found in metadata catalog
2024-08-02 13:31:08.920 - Table 'scott.payment_point' not found in metadata catalog
2024-08-02 13:31:08.920 - Table 'scott.payment_point' not found in metadata catalog
2024-08-02 13:31:08.920 - Table 'scott.payment_point' not found in metadata catalog
2024-08-02 13:31:08.920 - Table 'scott.payment_point' not found in metadata catalog
2024-08-02 13:46:52.818 - Table 'scott.payment_point' not found in metadata catalog
2024-08-02 13:46:52.818 - Table 'scott.payment_point' not found in metadata catalog
2024-08-02 13:46:52.818 - Table 'scott.payment_point' not found in metadata catalog
2024-08-02 13:46:52.818 - Table 'scott.payment_point' not found in metadata catalog
2024-08-02 13:46:52.819 - Table 'scott.payment_point' not found in metadata catalog
2024-08-02 13:46:52.819 - Table 'scott.payment_point' not found in metadata catalog
2024-08-02 13:46:52.819 - Table 'scott.payment_point' not found in metadata catalog
2024-08-02 14:27:39.508 - Table 'scott.payment_point' not found in metadata catalog
2024-08-02 14:27:39.508 - Table 'scott.payment_point' not found in metadata catalog
2024-08-02 14:27:39.508 - Table 'scott.payment_point' not found in metadata catalog
2024-08-02 14:27:39.508 - Table 'scott.payment_point' not found in metadata catalog
2024-08-02 14:27:39.509 - Table 'scott.payment_point' not found in metadata catalog
2024-08-02 14:27:39.509 - Table 'scott.payment_point' not found in metadata catalog
2024-08-02 14:27:39.509 - Table 'scott.payment_point' not found in metadata catalog
2024-08-02 15:04:17.341 - Execution context closed (localhost 2, 2)
2024-08-02 15:04:17.676 - DBeaver is stopping
2024-08-02 15:04:17.677 - Stop instance server
2024-08-02 15:04:18.684 - Instance server has been stopped
2024-08-02 15:04:18.684 - DBeaver shutdown completed
