2024-05-08 17:14:13.747 - DBeaver 24.0.3.202404211624 is starting
2024-05-08 17:14:13.748 - OS: Windows 10 10.0 (amd64)
2024-05-08 17:14:13.748 - Java version: 17.0.6 by Eclipse Adoptium (64bit)
2024-05-08 17:14:13.748 - Install path: 'H:\workspace\oracle\DBeaver'
2024-05-08 17:14:13.748 - Instance path: 'file:/H:/workspace/multi/04_db/'
2024-05-08 17:14:13.750 - Memory available 64Mb/1024Mb
2024-05-08 17:14:13.759 - Create display
> Start Eclipse IDE UI [org.eclipse.ui.ide 3.22.0.v20231102-1012]
2024-05-08 17:14:13.878 - Initialize desktop platform...
2024-05-08 17:14:13.978 - BounceCastle bundle found. Use JCE provider BC
> Start Core File Systems [org.eclipse.core.filesystem 1.10.200.v20231102-0934]
> Start Core Resource Management [org.eclipse.core.resources 3.20.0.v20231102-0934]
> Start 팀 지원 핵심 [org.eclipse.team.core 3.10.200.v20231106-1240]
> Start DBeaver UI Navigator [org.jkiss.dbeaver.ui.navigator 1.0.129.202404211624]
2024-05-08 17:14:14.223 - 
2024-05-08 17:14:14.224 - 	Refreshing workspace.
2024-05-08 17:14:14.225 - Refreshing workspace contents
2024-05-08 17:14:14.226 - 	Adding project 'General'
2024-05-08 17:14:14.226 - Create.
2024-05-08 17:14:14.252 - 	Adding project 'Scripts'
2024-05-08 17:14:14.252 - Create.
2024-05-08 17:14:14.292 - Initialize base platform...
2024-05-08 17:14:14.310 - Platform initialized (432ms)
> Start DBeaver UI Editors - Base [org.jkiss.dbeaver.ui.editors.base 1.0.129.202404211624]
2024-05-08 17:14:14.355 - Starting instance server at http://localhost:14027
2024-05-08 17:14:14.362 - Run workbench
> Start Eclipse e4 작업영역 SWT [org.eclipse.e4.ui.workbench.swt 0.17.200.v20231030-2045]
> Start Eclipse Application Services [org.eclipse.e4.core.services 2.4.200.v20231103-2012]
> Start Eclipse UI Application Services [org.eclipse.e4.ui.services 1.6.200.v20231030-2045]
> Start Eclipse e4 Progress View [org.eclipse.e4.ui.progress 0.4.200.v20231030-2045]
> Start Eclipse Bindings Support [org.eclipse.e4.ui.bindings 0.14.200.v20231030-2045]
> Start Eclipse e4 core commands [org.eclipse.e4.core.commands 1.1.200.v20231108-1058]
> Start EMF XML/XMI Persistence [org.eclipse.emf.ecore.xmi 2.36.0.v20231002-1156]
> Start Eclipse CSS SWT Theme Support [org.eclipse.e4.ui.css.swt.theme 0.14.200.v20230913-1724]
> Start Eclipse e4 작업영역 기능 추가 [org.eclipse.e4.ui.workbench.addons.swt 1.5.200.v20231106-1600]
> Start Eclipse e4 작업영역 SWT 렌더러 [org.eclipse.e4.ui.workbench.renderers.swt 0.16.200.v20231030-2045]
> Start Eclipse Dependency Injection Extensions [org.eclipse.e4.core.di.extensions 0.18.100.v20231103-2012]
> Start Eclipse CSS SWT Support [org.eclipse.e4.ui.css.swt 0.15.200.v20231025-0632]
> Start jna [com.sun.jna 5.13.0.v20230812-1000]
2024-05-08 17:14:15.494 - Configure workbench window
> Start DBeaver SQL Model [org.jkiss.dbeaver.model.sql 1.0.119.202404211624]
2024-05-08 17:14:15.610 - Total database drivers: 112 (112)
> Start 도움말 시스템 코어 [org.eclipse.help 3.10.200.v20231106-1240]
2024-05-08 17:14:15.695 - Create actions
2024-05-08 17:14:15.704 - Disable Eclipse action set 'org.eclipse.ui.edit.text.actionSet.annotationNavigation'
2024-05-08 17:14:15.705 - Disable Eclipse action set 'org.eclipse.ui.WorkingSetActionSet'
2024-05-08 17:14:15.705 - Disable Eclipse action set 'org.eclipse.ui.actionSet.openFiles'
2024-05-08 17:14:15.705 - Create workbench actions
2024-05-08 17:14:16.603 - Initialize workbench window
2024-05-08 17:14:16.607 - Finish initialization
> Start DBeaver UI Editors - Data [org.jkiss.dbeaver.ui.editors.data 1.0.129.202404211624]
> Start 인터넷 연결 관리 사용자 인터페이스 [org.eclipse.ui.net 1.5.200.v20231106-1240]
> Start Internet Connection Management [org.eclipse.core.net 1.5.200.v20231106-1240]
Warning: NLS unused message: actions_navigator__objects in: org.jkiss.dbeaver.ui.editors.sql.internal.SQLEditorMessages
> Start DBeaver UI Editors - SQL [org.jkiss.dbeaver.ui.editors.sql 1.0.129.202404211624]
> Start GEF Classic Draw2d [org.eclipse.draw2d 3.14.100.202311222042]
> Start GEF Classic GEF (MVC) [org.eclipse.gef 3.16.0.202311222042]
> Start DBeaver ERD UI [org.jkiss.dbeaver.erd.ui 3.0.89.202404211624]
> Start DBeaver ERD Model [org.jkiss.dbeaver.erd.model 1.0.89.202404211624]
> Start DBeaver Dashboard UI [org.jkiss.dbeaver.ui.dashboard 1.0.126.202404211624]
> Start DBeaver Dashboards Model [org.jkiss.dbeaver.model.dashboard 1.0.2.202404211624]
> Start DBeaver JDBC Model [org.jkiss.dbeaver.model.jdbc 1.0.22.202404211624]
> Start DBeaver Oracle Model [org.jkiss.dbeaver.ext.oracle 2.1.214.202404211624]
> Start 기본 문서 편집기 [org.eclipse.ui.editors 3.17.100.v20231106-1600]
> Start 텍스트 편집기 프레임워크 [org.eclipse.ui.workbench.texteditor 3.17.200.v20231106-1600]
> Start DBeaver Sample Database [org.jkiss.dbeaver.ext.sample.database 1.0.166.202404211624]
> Start DBeaver Tip of the day [org.jkiss.dbeaver.ext.ui.tipoftheday 1.0.135.202404211624]
2024-05-08 17:14:19.770 - Open [https://dbeaver.io/product/version.xml]
> Start DBeaver UI Editors - Connections [org.jkiss.dbeaver.ui.editors.connection 1.0.120.202404211624]
2024-05-08 17:14:24.954 - Connect with 'localhost' (oracle_thin-18f3c7e490f-66e9f76381d1fe84)
2024-05-08 17:14:24.990 - Execution context opened (localhost; Main; 0)
2024-05-08 17:14:33.341 - Open [https://repo1.maven.org/maven2/com/oracle/database/jdbc/ojdbc11/23.2.0.0/ojdbc11-23.2.0.0.jar]
2024-05-08 17:14:49.695 - Open [https://repo1.maven.org/maven2/com/oracle/database/nls/orai18n/23.2.0.0/orai18n-23.2.0.0.jar]
2024-05-08 17:14:53.540 - Open [https://repo1.maven.org/maven2/com/oracle/database/xml/xdb6/18.3.0.0/xdb6-18.3.0.0.jar]
2024-05-08 17:14:54.286 - Open [https://repo1.maven.org/maven2/com/oracle/database/xml/xmlparserv2/18.3.0.0/xmlparserv2-18.3.0.0.jar]
2024-05-08 17:14:58.697 - Open [https://repo1.maven.org/maven2/com/oracle/database/xml/xmlparserv2/23.2.0.0/xmlparserv2-23.2.0.0.jar]
2024-05-08 17:15:03.301 - Connect with 'localhost' (oracle_thin-18f3c7e490f-66e9f76381d1fe84)
2024-05-08 17:15:03.302 - Execution context opened (localhost; Main; 1)
2024-05-08 17:15:03.927 - Execution context opened (localhost; Metadata; 2)
2024-05-08 17:15:04.003 - Connected (oracle_thin-18f3c7e490f-66e9f76381d1fe84, Oracle JDBC driver [23.2.0.0.0])
> Start DBeaver SQL Terminal [org.jkiss.dbeaver.ui.editors.sql.terminal 1.0.105.202404211624]
> Start 핵심 비교 지원 [org.eclipse.compare.core 3.8.300.v20231106-1240]
> Start 콘솔 [org.eclipse.ui.console 3.13.100.v20230914-0751]
> Start 디버그 핵심 [org.eclipse.debug.core 3.21.200.v20231021-1513]
2024-05-08 17:15:14.396 - Execution context opened (localhost; SQLEditor <Script-7.sql>; 3)
> Start DBeaver Tasks - Native Tools UI [org.jkiss.dbeaver.tasks.native.ui 1.0.107.202404211624]
> Start DBeaver Oracle UI [org.jkiss.dbeaver.ext.oracle.ui 1.0.116.202404211624]
> Start DBeaver Tasks - General UI [org.jkiss.dbeaver.tasks.ui 1.0.107.202404211624]
2024-05-08 17:15:20.631 - Connect with 'localhost 2' (mysql8-18f3c4755fa-48d44911c1ae78cb)
> Start DBeaver MySQL Support [org.jkiss.dbeaver.ext.mysql 2.1.214.202404211624]
2024-05-08 17:15:20.639 - Execution context opened (localhost 2; Main; 4)
> Start DBeaver GIS Support [org.jkiss.dbeaver.data.gis 1.0.153.202404211624]
2024-05-08 17:15:20.802 - Execution context opened (localhost 2; Metadata; 5)
2024-05-08 17:15:20.884 - Connected (mysql8-18f3c4755fa-48d44911c1ae78cb, MySQL Connector/J [mysql-connector-j-8.2.0 (Revision: 06a1f724497fd81c6a659131fda822c9e5085b6c)])
> Start Equinox Provisioning Metadata [org.eclipse.equinox.p2.metadata 2.8.0.v20231102-1258]
2024-05-08 17:15:56.575 - Delete empty SQL script '\General\Scripts\Script-7.sql'
2024-05-08 17:15:56.582 - Execution context closed (localhost, 3)
> Start DBeaver SQL Language Semantic Model [org.jkiss.dbeaver.model.lsm 1.0.24.202404211624]
2024-05-08 17:20:42.205 - Unrecognized Oracle client version at H:/workspace/oracle/DBeaver/jre
2024-05-08 17:20:42.368 - Auth model 'native' was replaced by 'oracle_native'
2024-05-08 17:20:42.400 - Service 'org.jkiss.dbeaver.runtime.ui.UIServiceSecurity' not found
> Start Equinox Provisioning Engine [org.eclipse.equinox.p2.engine 2.9.0.v20231105-1139]
> Start Equinox Provisioning Core [org.eclipse.equinox.p2.core 2.10.200.v20231102-1258]
> Start Equinox Provisioning Platform Update Support [org.eclipse.equinox.p2.ui.sdk 1.3.200.v20230921-0854]
> Start Equinox Provisioning UI Support [org.eclipse.equinox.p2.ui 2.8.200.v20231105-1139]
> Start Equinox Provisioning Director [org.eclipse.equinox.p2.director 2.6.200.v20231021-1906]
> Start DBeaver Data GIS UI [org.jkiss.dbeaver.data.gis.view 1.0.124.202404211624]
> Start DBeaver UI Editors - Hex [org.jkiss.dbeaver.ui.editors.hex 1.0.129.202404211624]
> Start Data Transfer UI [org.jkiss.dbeaver.data.transfer.ui 1.0.113.202404211624]
> Start 팀 지원 사용자 인터페이스 [org.eclipse.team.ui 3.10.200.v20231106-1240]
> Start 비교 지원 [org.eclipse.compare 3.9.300.v20231123-2204]
> Start Equinox Security Default UI [org.eclipse.equinox.security.ui 1.4.100.v20231103-0809]
> Start Equinox Provisioning Operations API [org.eclipse.equinox.p2.operations 2.7.200.v20231105-1139]
> Start Equinox Provisioning Metadata Repository [org.eclipse.equinox.p2.metadata.repository 1.5.200.v20231021-1438]
> Start Equinox Provisioning Repository [org.eclipse.equinox.p2.repository 2.8.0.v20231111-1058]
> Start Equinox Provisioning ECF based Transport [org.eclipse.equinox.p2.transport.ecf 1.4.100.v20230630-1506]
> Start ECF Filetransfer API [org.eclipse.ecf.filetransfer 5.1.103.v20230705-0614]
> Start Equinox Provisioning Artifact Repository Support [org.eclipse.equinox.p2.artifact.repository 1.5.200.v20231105-1139]
> Start DBeaver Data Transfer [org.jkiss.dbeaver.data.transfer 2.0.113.202404211624]
> Start JSch 핵심 [org.eclipse.jsch.core 1.5.200.v20231106-1240]
> Start JSch UI [org.eclipse.jsch.ui 1.5.200.v20231106-1240]
> Start DBeaver Altibase Support UI [org.jkiss.dbeaver.ext.altibase.ui 1.0.0.202404211624]
> Start DBeaver Altibase Support [org.jkiss.dbeaver.ext.altibase 1.0.0.202404211624]
> Start DBeaver PostgreSQL UI [org.jkiss.dbeaver.ext.postgresql.ui 1.0.105.202404211624]
2024-05-08 17:27:11.590 - Execution context opened (localhost; SQLEditor <DB_20240503_김정헌.sql>; 6)
2024-05-08 17:27:42.209 - Execution context closed (localhost, 6)
> Start DBeaver Generic Plug-in [org.jkiss.dbeaver.ext.generic 2.3.215.202404211624]
2024-05-08 17:27:53.843 - Execution context opened (localhost; SQLEditor <DB_20240503_김정헌.sql>; 7)
2024-05-08 17:27:55.706 - Execution context closed (localhost, 7)
2024-05-08 17:28:00.640 - Execution context opened (localhost; SQLEditor <Script-7.sql>; 8)
2024-05-08 17:30:21.424 - Execution context opened (localhost; SQLEditor <Script-8.sql>; 9)
2024-05-08 17:30:23.120 - Delete empty SQL script '\General\Scripts\Script-7.sql'
2024-05-08 17:30:23.131 - Execution context closed (localhost, 8)
2024-05-08 17:30:32.260 - Execution context closed (localhost, 9)
2024-05-08 17:30:32.519 - DBeaver is stopping
2024-05-08 17:30:32.519 - Stop instance server
2024-05-08 17:30:33.523 - Instance server has been stopped
2024-05-08 17:30:33.523 - DBeaver shutdown completed
