2024-07-25 12:42:39.442 - DBeaver 24.0.3.202404211624 is starting
2024-07-25 12:42:39.442 - OS: Windows 10 10.0 (amd64)
2024-07-25 12:42:39.443 - Java version: 17.0.6 by Eclipse Adoptium (64bit)
2024-07-25 12:42:39.443 - Install path: 'H:\workspace\oracle\DBeaver'
2024-07-25 12:42:39.443 - Instance path: 'file:/H:/workspace/multi/04_db/'
2024-07-25 12:42:39.445 - Memory available 64Mb/1024Mb
2024-07-25 12:42:39.452 - Create display
2024-07-25 12:42:39.547 - Initialize desktop platform...
2024-07-25 12:42:39.656 - BounceCastle bundle found. Use JCE provider BC
> Start Core File Systems [org.eclipse.core.filesystem 1.10.200.v20231102-0934]
> Start Core Resource Management [org.eclipse.core.resources 3.20.0.v20231102-0934]
> Start 팀 지원 핵심 [org.eclipse.team.core 3.10.200.v20231106-1240]
> Start DBeaver UI Navigator [org.jkiss.dbeaver.ui.navigator 1.0.129.202404211624]
2024-07-25 12:42:39.818 - Initialize base platform...
2024-07-25 12:42:39.837 - Platform initialized (290ms)
> Start DBeaver UI Editors - Base [org.jkiss.dbeaver.ui.editors.base 1.0.129.202404211624]
2024-07-25 12:42:39.978 - Starting instance server at http://localhost:1572
2024-07-25 12:42:39.983 - Run workbench
> Start Eclipse e4 작업영역 SWT [org.eclipse.e4.ui.workbench.swt 0.17.200.v20231030-2045]
> Start Eclipse Application Services [org.eclipse.e4.core.services 2.4.200.v20231103-2012]
> Start Eclipse UI Application Services [org.eclipse.e4.ui.services 1.6.200.v20231030-2045]
> Start Eclipse e4 Progress View [org.eclipse.e4.ui.progress 0.4.200.v20231030-2045]
> Start Eclipse Bindings Support [org.eclipse.e4.ui.bindings 0.14.200.v20231030-2045]
> Start Eclipse e4 core commands [org.eclipse.e4.core.commands 1.1.200.v20231108-1058]
> Start EMF XML/XMI Persistence [org.eclipse.emf.ecore.xmi 2.36.0.v20231002-1156]
> Start Eclipse CSS SWT Theme Support [org.eclipse.e4.ui.css.swt.theme 0.14.200.v20230913-1724]
> Start Eclipse e4 작업영역 기능 추가 [org.eclipse.e4.ui.workbench.addons.swt 1.5.200.v20231106-1600]
> Start Eclipse e4 작업영역 SWT 렌더러 [org.eclipse.e4.ui.workbench.renderers.swt 0.16.200.v20231030-2045]
> Start Eclipse Dependency Injection Extensions [org.eclipse.e4.core.di.extensions 0.18.100.v20231103-2012]
> Start Eclipse CSS SWT Support [org.eclipse.e4.ui.css.swt 0.15.200.v20231025-0632]
2024-07-25 12:42:41.205 - Configure workbench window
> Start DBeaver SQL Model [org.jkiss.dbeaver.model.sql 1.0.119.202404211624]
2024-07-25 12:42:41.325 - Total database drivers: 112 (112)
> Start 도움말 시스템 코어 [org.eclipse.help 3.10.200.v20231106-1240]
2024-07-25 12:42:41.414 - Create actions
2024-07-25 12:42:41.420 - Disable Eclipse action set 'org.eclipse.ui.edit.text.actionSet.annotationNavigation'
2024-07-25 12:42:41.421 - Disable Eclipse action set 'org.eclipse.ui.WorkingSetActionSet'
2024-07-25 12:42:41.421 - Disable Eclipse action set 'org.eclipse.ui.actionSet.openFiles'
2024-07-25 12:42:41.422 - Create workbench actions
> Start jna [com.sun.jna 5.13.0.v20230812-1000]
2024-07-25 12:42:41.885 - Initialize workbench window
2024-07-25 12:42:41.891 - Finish initialization
> Start 기본 문서 편집기 [org.eclipse.ui.editors 3.17.100.v20231106-1600]
> Start 텍스트 편집기 프레임워크 [org.eclipse.ui.workbench.texteditor 3.17.200.v20231106-1600]
> Start DBeaver UI Editors - Data [org.jkiss.dbeaver.ui.editors.data 1.0.129.202404211624]
Warning: NLS unused message: actions_navigator__objects in: org.jkiss.dbeaver.ui.editors.sql.internal.SQLEditorMessages
> Start DBeaver UI Editors - SQL [org.jkiss.dbeaver.ui.editors.sql 1.0.129.202404211624]
> Start DBeaver SQL Terminal [org.jkiss.dbeaver.ui.editors.sql.terminal 1.0.105.202404211624]
> Start 핵심 비교 지원 [org.eclipse.compare.core 3.8.300.v20231106-1240]
> Start 인터넷 연결 관리 사용자 인터페이스 [org.eclipse.ui.net 1.5.200.v20231106-1240]
> Start Internet Connection Management [org.eclipse.core.net 1.5.200.v20231106-1240]
> Start DBeaver Sample Database [org.jkiss.dbeaver.ext.sample.database 1.0.166.202404211624]
> Start DBeaver Tip of the day [org.jkiss.dbeaver.ext.ui.tipoftheday 1.0.135.202404211624]
> Start GEF Classic Draw2d [org.eclipse.draw2d 3.14.100.202311222042]
> Start GEF Classic GEF (MVC) [org.eclipse.gef 3.16.0.202311222042]
> Start DBeaver ERD UI [org.jkiss.dbeaver.erd.ui 3.0.89.202404211624]
> Start DBeaver ERD Model [org.jkiss.dbeaver.erd.model 1.0.89.202404211624]
> Start DBeaver Dashboard UI [org.jkiss.dbeaver.ui.dashboard 1.0.126.202404211624]
> Start DBeaver Dashboards Model [org.jkiss.dbeaver.model.dashboard 1.0.2.202404211624]
> Start DBeaver JDBC Model [org.jkiss.dbeaver.model.jdbc 1.0.22.202404211624]
> Start DBeaver Oracle Model [org.jkiss.dbeaver.ext.oracle 2.1.214.202404211624]
> Start DBeaver UI Editors - Connections [org.jkiss.dbeaver.ui.editors.connection 1.0.120.202404211624]
> Start 콘솔 [org.eclipse.ui.console 3.13.100.v20230914-0751]
> Start 디버그 핵심 [org.eclipse.debug.core 3.21.200.v20231021-1513]
2024-07-25 12:42:44.416 - Connect with 'localhost 2' (mysql8-18f3c4755fa-48d44911c1ae78cb)
> Start DBeaver MySQL Support [org.jkiss.dbeaver.ext.mysql 2.1.214.202404211624]
2024-07-25 12:42:44.446 - Execution context opened (localhost 2; Main; 0)
> Start DBeaver GIS Support [org.jkiss.dbeaver.data.gis 1.0.153.202404211624]
2024-07-25 12:42:44.626 - Execution context opened (localhost 2; Metadata; 1)
2024-07-25 12:42:44.686 - Connected (mysql8-18f3c4755fa-48d44911c1ae78cb, MySQL Connector/J [mysql-connector-j-8.2.0 (Revision: 06a1f724497fd81c6a659131fda822c9e5085b6c)])
2024-07-25 12:42:44.689 - Execution context opened (localhost 2; SQLEditor <Script-26.sql>; 2)
> Start DBeaver SQL Language Semantic Model [org.jkiss.dbeaver.model.lsm 1.0.24.202404211624]
> Start DBeaver Tasks - Native Tools UI [org.jkiss.dbeaver.tasks.native.ui 1.0.107.202404211624]
> Start DBeaver MySQL UI Support [org.jkiss.dbeaver.ext.mysql.ui 1.0.121.202404211624]
> Start DBeaver Tasks - General UI [org.jkiss.dbeaver.tasks.ui 1.0.107.202404211624]
2024-07-25 14:42:11.514 - No unique key defined
org.jkiss.dbeaver.model.exec.DBCException: No unique key defined
	at org.jkiss.dbeaver.ui.controls.resultset.ResultSetPersister.checkEntityIdentifiers(ResultSetPersister.java:573)
	at org.jkiss.dbeaver.ui.controls.resultset.ResultSetViewer.createDataPersister(ResultSetViewer.java:4407)
	at org.jkiss.dbeaver.ui.controls.resultset.ResultSetViewer.saveChanges(ResultSetViewer.java:4319)
	at org.jkiss.dbeaver.ui.controls.resultset.ResultSetViewer.applyChanges(ResultSetViewer.java:4307)
	at org.jkiss.dbeaver.ui.controls.resultset.handler.ResultSetHandlerMain.execute(ResultSetHandlerMain.java:329)
	at org.eclipse.ui.internal.handlers.HandlerProxy.execute(HandlerProxy.java:283)
	at org.eclipse.ui.internal.handlers.E4HandlerProxy.execute(E4HandlerProxy.java:99)
	at java.base/jdk.internal.reflect.NativeMethodAccessorImpl.invoke0(Native Method)
	at java.base/jdk.internal.reflect.NativeMethodAccessorImpl.invoke(Unknown Source)
	at java.base/jdk.internal.reflect.DelegatingMethodAccessorImpl.invoke(Unknown Source)
	at java.base/java.lang.reflect.Method.invoke(Unknown Source)
	at org.eclipse.e4.core.internal.di.MethodRequestor.execute(MethodRequestor.java:58)
	at org.eclipse.e4.core.internal.di.InjectorImpl.invokeUsingClass(InjectorImpl.java:298)
	at org.eclipse.e4.core.internal.di.InjectorImpl.invoke(InjectorImpl.java:232)
	at org.eclipse.e4.core.contexts.ContextInjectionFactory.invoke(ContextInjectionFactory.java:174)
	at org.eclipse.e4.core.commands.internal.HandlerServiceHandler.execute(HandlerServiceHandler.java:165)
	at org.eclipse.core.commands.Command.executeWithChecks(Command.java:488)
	at org.eclipse.core.commands.ParameterizedCommand.executeWithChecks(ParameterizedCommand.java:485)
	at org.eclipse.e4.core.commands.internal.HandlerServiceImpl.executeHandler(HandlerServiceImpl.java:213)
	at org.eclipse.e4.ui.workbench.renderers.swt.HandledContributionItem.executeItem(HandledContributionItem.java:438)
	at org.eclipse.e4.ui.workbench.renderers.swt.AbstractContributionItem.handleWidgetSelection(AbstractContributionItem.java:449)
	at org.eclipse.e4.ui.workbench.renderers.swt.AbstractContributionItem.lambda$2(AbstractContributionItem.java:475)
	at org.eclipse.swt.widgets.EventTable.sendEvent(EventTable.java:89)
	at org.eclipse.swt.widgets.Display.sendEvent(Display.java:4273)
	at org.eclipse.swt.widgets.Widget.sendEvent(Widget.java:1066)
	at org.eclipse.swt.widgets.Display.runDeferredEvents(Display.java:4071)
	at org.eclipse.swt.widgets.Display.readAndDispatch(Display.java:3659)
	at org.eclipse.e4.ui.internal.workbench.swt.PartRenderingEngine$5.run(PartRenderingEngine.java:1155)
	at org.eclipse.core.databinding.observable.Realm.runWithDefault(Realm.java:342)
	at org.eclipse.e4.ui.internal.workbench.swt.PartRenderingEngine.run(PartRenderingEngine.java:1046)
	at org.eclipse.e4.ui.internal.workbench.E4Workbench.createAndRunUI(E4Workbench.java:155)
	at org.eclipse.ui.internal.Workbench.lambda$3(Workbench.java:648)
	at org.eclipse.core.databinding.observable.Realm.runWithDefault(Realm.java:342)
	at org.eclipse.ui.internal.Workbench.createAndRunWorkbench(Workbench.java:555)
	at org.eclipse.ui.PlatformUI.createAndRunWorkbench(PlatformUI.java:173)
	at org.jkiss.dbeaver.ui.app.standalone.DBeaverApplication.start(DBeaverApplication.java:295)
	at org.eclipse.equinox.internal.app.EclipseAppHandle.run(EclipseAppHandle.java:208)
	at org.eclipse.core.runtime.internal.adaptor.EclipseAppLauncher.runApplication(EclipseAppLauncher.java:136)
	at org.eclipse.core.runtime.internal.adaptor.EclipseAppLauncher.start(EclipseAppLauncher.java:104)
	at org.eclipse.core.runtime.adaptor.EclipseStarter.run(EclipseStarter.java:402)
	at org.eclipse.core.runtime.adaptor.EclipseStarter.run(EclipseStarter.java:255)
	at java.base/jdk.internal.reflect.NativeMethodAccessorImpl.invoke0(Native Method)
	at java.base/jdk.internal.reflect.NativeMethodAccessorImpl.invoke(Unknown Source)
	at java.base/jdk.internal.reflect.DelegatingMethodAccessorImpl.invoke(Unknown Source)
	at java.base/java.lang.reflect.Method.invoke(Unknown Source)
	at org.jkiss.dbeaver.launcher.DBeaverLauncher.invokeFramework(DBeaverLauncher.java:647)
	at org.jkiss.dbeaver.launcher.DBeaverLauncher.basicRun(DBeaverLauncher.java:607)
	at org.jkiss.dbeaver.launcher.DBeaverLauncher.run(DBeaverLauncher.java:1464)
2024-07-25 14:42:36.057 - No unique key defined
org.jkiss.dbeaver.model.exec.DBCException: No unique key defined
	at org.jkiss.dbeaver.ui.controls.resultset.ResultSetPersister.checkEntityIdentifiers(ResultSetPersister.java:573)
	at org.jkiss.dbeaver.ui.controls.resultset.ResultSetViewer.createDataPersister(ResultSetViewer.java:4407)
	at org.jkiss.dbeaver.ui.controls.resultset.ResultSetViewer.saveChanges(ResultSetViewer.java:4319)
	at org.jkiss.dbeaver.ui.controls.resultset.ResultSetViewer.checkForChanges(ResultSetViewer.java:3840)
	at org.jkiss.dbeaver.ui.controls.resultset.ResultSetViewer.refresh(ResultSetViewer.java:3860)
	at org.jkiss.dbeaver.ui.editors.sql.SQLEditor$QueryProcessor.processQueries(SQLEditor.java:3719)
	at org.jkiss.dbeaver.ui.editors.sql.SQLEditor.processQueries(SQLEditor.java:2768)
	at org.jkiss.dbeaver.ui.editors.sql.SQLEditor.processSQL(SQLEditor.java:2574)
	at org.jkiss.dbeaver.ui.editors.sql.SQLEditor.processSQL(SQLEditor.java:2494)
	at org.jkiss.dbeaver.ui.editors.sql.SQLEditor.processSQL(SQLEditor.java:2490)
	at org.jkiss.dbeaver.ui.editors.sql.handlers.SQLEditorHandlerExecute.execute(SQLEditorHandlerExecute.java:59)
	at org.eclipse.ui.internal.handlers.HandlerProxy.execute(HandlerProxy.java:283)
	at org.eclipse.ui.internal.handlers.E4HandlerProxy.execute(E4HandlerProxy.java:99)
	at java.base/jdk.internal.reflect.NativeMethodAccessorImpl.invoke0(Native Method)
	at java.base/jdk.internal.reflect.NativeMethodAccessorImpl.invoke(Unknown Source)
	at java.base/jdk.internal.reflect.DelegatingMethodAccessorImpl.invoke(Unknown Source)
	at java.base/java.lang.reflect.Method.invoke(Unknown Source)
	at org.eclipse.e4.core.internal.di.MethodRequestor.execute(MethodRequestor.java:58)
	at org.eclipse.e4.core.internal.di.InjectorImpl.invokeUsingClass(InjectorImpl.java:298)
	at org.eclipse.e4.core.internal.di.InjectorImpl.invoke(InjectorImpl.java:232)
	at org.eclipse.e4.core.contexts.ContextInjectionFactory.invoke(ContextInjectionFactory.java:174)
	at org.eclipse.e4.core.commands.internal.HandlerServiceHandler.execute(HandlerServiceHandler.java:165)
	at org.eclipse.core.commands.Command.executeWithChecks(Command.java:488)
	at org.eclipse.core.commands.ParameterizedCommand.executeWithChecks(ParameterizedCommand.java:485)
	at org.eclipse.e4.core.commands.internal.HandlerServiceImpl.executeHandler(HandlerServiceImpl.java:213)
	at org.eclipse.e4.ui.bindings.keys.KeyBindingDispatcher.executeCommand(KeyBindingDispatcher.java:308)
	at org.eclipse.e4.ui.bindings.keys.KeyBindingDispatcher.press(KeyBindingDispatcher.java:580)
	at org.eclipse.e4.ui.bindings.keys.KeyBindingDispatcher.processKeyEvent(KeyBindingDispatcher.java:655)
	at org.eclipse.e4.ui.bindings.keys.KeyBindingDispatcher.filterKeySequenceBindings(KeyBindingDispatcher.java:439)
	at org.eclipse.e4.ui.bindings.keys.KeyBindingDispatcher$KeyDownFilter.handleEvent(KeyBindingDispatcher.java:96)
	at org.eclipse.swt.widgets.EventTable.sendEvent(EventTable.java:89)
	at org.eclipse.swt.widgets.Display.filterEvent(Display.java:1286)
	at org.eclipse.swt.widgets.Widget.sendEvent(Widget.java:1065)
	at org.eclipse.swt.widgets.Widget.sendEvent(Widget.java:1090)
	at org.eclipse.swt.widgets.Widget.sendEvent(Widget.java:1075)
	at org.eclipse.swt.widgets.Control.traverse(Control.java:4258)
	at org.eclipse.swt.widgets.Control.translateTraversal(Control.java:4240)
	at org.eclipse.swt.widgets.Composite.translateTraversal(Composite.java:1278)
	at org.eclipse.swt.widgets.Display.translateTraversal(Display.java:4957)
	at org.eclipse.swt.widgets.Display.filterMessage(Display.java:1304)
	at org.eclipse.swt.widgets.Display.readAndDispatch(Display.java:3655)
	at org.eclipse.e4.ui.internal.workbench.swt.PartRenderingEngine$5.run(PartRenderingEngine.java:1155)
	at org.eclipse.core.databinding.observable.Realm.runWithDefault(Realm.java:342)
	at org.eclipse.e4.ui.internal.workbench.swt.PartRenderingEngine.run(PartRenderingEngine.java:1046)
	at org.eclipse.e4.ui.internal.workbench.E4Workbench.createAndRunUI(E4Workbench.java:155)
	at org.eclipse.ui.internal.Workbench.lambda$3(Workbench.java:648)
	at org.eclipse.core.databinding.observable.Realm.runWithDefault(Realm.java:342)
	at org.eclipse.ui.internal.Workbench.createAndRunWorkbench(Workbench.java:555)
	at org.eclipse.ui.PlatformUI.createAndRunWorkbench(PlatformUI.java:173)
	at org.jkiss.dbeaver.ui.app.standalone.DBeaverApplication.start(DBeaverApplication.java:295)
	at org.eclipse.equinox.internal.app.EclipseAppHandle.run(EclipseAppHandle.java:208)
	at org.eclipse.core.runtime.internal.adaptor.EclipseAppLauncher.runApplication(EclipseAppLauncher.java:136)
	at org.eclipse.core.runtime.internal.adaptor.EclipseAppLauncher.start(EclipseAppLauncher.java:104)
	at org.eclipse.core.runtime.adaptor.EclipseStarter.run(EclipseStarter.java:402)
	at org.eclipse.core.runtime.adaptor.EclipseStarter.run(EclipseStarter.java:255)
	at java.base/jdk.internal.reflect.NativeMethodAccessorImpl.invoke0(Native Method)
	at java.base/jdk.internal.reflect.NativeMethodAccessorImpl.invoke(Unknown Source)
	at java.base/jdk.internal.reflect.DelegatingMethodAccessorImpl.invoke(Unknown Source)
	at java.base/java.lang.reflect.Method.invoke(Unknown Source)
	at org.jkiss.dbeaver.launcher.DBeaverLauncher.invokeFramework(DBeaverLauncher.java:647)
	at org.jkiss.dbeaver.launcher.DBeaverLauncher.basicRun(DBeaverLauncher.java:607)
	at org.jkiss.dbeaver.launcher.DBeaverLauncher.run(DBeaverLauncher.java:1464)
> Start DBeaver Data Transfer [org.jkiss.dbeaver.data.transfer 2.0.113.202404211624]
2024-07-25 14:47:44.621 - SQL Error [1146] [42S02]: Table 'scott.payment_product_reviews' doesn't exist
org.jkiss.dbeaver.model.sql.DBSQLException: SQL Error [1146] [42S02]: Table 'scott.payment_product_reviews' doesn't exist
	at org.jkiss.dbeaver.model.impl.jdbc.exec.JDBCStatementImpl.executeStatement(JDBCStatementImpl.java:133)
	at org.jkiss.dbeaver.ui.editors.sql.execute.SQLQueryJob.executeStatement(SQLQueryJob.java:614)
	at org.jkiss.dbeaver.ui.editors.sql.execute.SQLQueryJob.lambda$2(SQLQueryJob.java:505)
	at org.jkiss.dbeaver.model.exec.DBExecUtils.tryExecuteRecover(DBExecUtils.java:194)
	at org.jkiss.dbeaver.ui.editors.sql.execute.SQLQueryJob.executeSingleQuery(SQLQueryJob.java:524)
	at org.jkiss.dbeaver.ui.editors.sql.execute.SQLQueryJob.extractData(SQLQueryJob.java:976)
	at org.jkiss.dbeaver.ui.editors.sql.SQLEditor$QueryResultsContainer.readData(SQLEditor.java:4155)
	at org.jkiss.dbeaver.ui.controls.resultset.ResultSetJobDataRead.lambda$0(ResultSetJobDataRead.java:123)
	at org.jkiss.dbeaver.model.exec.DBExecUtils.tryExecuteRecover(DBExecUtils.java:194)
	at org.jkiss.dbeaver.ui.controls.resultset.ResultSetJobDataRead.run(ResultSetJobDataRead.java:121)
	at org.jkiss.dbeaver.ui.controls.resultset.ResultSetViewer$ResultSetDataPumpJob.run(ResultSetViewer.java:5152)
	at org.jkiss.dbeaver.model.runtime.AbstractJob.run(AbstractJob.java:115)
	at org.eclipse.core.internal.jobs.Worker.run(Worker.java:63)
Caused by: java.sql.SQLSyntaxErrorException: Table 'scott.payment_product_reviews' doesn't exist
	at com.mysql.cj.jdbc.exceptions.SQLError.createSQLException(SQLError.java:121)
	at com.mysql.cj.jdbc.exceptions.SQLExceptionsMapping.translateException(SQLExceptionsMapping.java:122)
	at com.mysql.cj.jdbc.StatementImpl.executeInternal(StatementImpl.java:767)
	at com.mysql.cj.jdbc.StatementImpl.execute(StatementImpl.java:652)
	at org.jkiss.dbeaver.model.impl.jdbc.exec.JDBCStatementImpl.execute(JDBCStatementImpl.java:330)
	at org.jkiss.dbeaver.model.impl.jdbc.exec.JDBCStatementImpl.executeStatement(JDBCStatementImpl.java:131)
	... 12 more
2024-07-25 15:09:43.522 - SQL Error [1064] [42000]: You have an error in your SQL syntax; check the manual that corresponds to your MySQL server version for the right syntax to use near '최종보유포인트,
    payment_point_change varchar(255) AS 최근포인트' at line 4
org.jkiss.dbeaver.model.sql.DBSQLException: SQL Error [1064] [42000]: You have an error in your SQL syntax; check the manual that corresponds to your MySQL server version for the right syntax to use near '최종보유포인트,
    payment_point_change varchar(255) AS 최근포인트' at line 4
	at org.jkiss.dbeaver.model.impl.jdbc.exec.JDBCStatementImpl.executeStatement(JDBCStatementImpl.java:133)
	at org.jkiss.dbeaver.ui.editors.sql.execute.SQLQueryJob.executeStatement(SQLQueryJob.java:614)
	at org.jkiss.dbeaver.ui.editors.sql.execute.SQLQueryJob.lambda$2(SQLQueryJob.java:505)
	at org.jkiss.dbeaver.model.exec.DBExecUtils.tryExecuteRecover(DBExecUtils.java:194)
	at org.jkiss.dbeaver.ui.editors.sql.execute.SQLQueryJob.executeSingleQuery(SQLQueryJob.java:524)
	at org.jkiss.dbeaver.ui.editors.sql.execute.SQLQueryJob.extractData(SQLQueryJob.java:976)
	at org.jkiss.dbeaver.ui.editors.sql.SQLEditor$QueryResultsContainer.readData(SQLEditor.java:4155)
	at org.jkiss.dbeaver.ui.controls.resultset.ResultSetJobDataRead.lambda$0(ResultSetJobDataRead.java:123)
	at org.jkiss.dbeaver.model.exec.DBExecUtils.tryExecuteRecover(DBExecUtils.java:194)
	at org.jkiss.dbeaver.ui.controls.resultset.ResultSetJobDataRead.run(ResultSetJobDataRead.java:121)
	at org.jkiss.dbeaver.ui.controls.resultset.ResultSetViewer$ResultSetDataPumpJob.run(ResultSetViewer.java:5152)
	at org.jkiss.dbeaver.model.runtime.AbstractJob.run(AbstractJob.java:115)
	at org.eclipse.core.internal.jobs.Worker.run(Worker.java:63)
Caused by: java.sql.SQLSyntaxErrorException: You have an error in your SQL syntax; check the manual that corresponds to your MySQL server version for the right syntax to use near '최종보유포인트,
    payment_point_change varchar(255) AS 최근포인트' at line 4
	at com.mysql.cj.jdbc.exceptions.SQLError.createSQLException(SQLError.java:121)
	at com.mysql.cj.jdbc.exceptions.SQLExceptionsMapping.translateException(SQLExceptionsMapping.java:122)
	at com.mysql.cj.jdbc.StatementImpl.executeInternal(StatementImpl.java:767)
	at com.mysql.cj.jdbc.StatementImpl.execute(StatementImpl.java:652)
	at org.jkiss.dbeaver.model.impl.jdbc.exec.JDBCStatementImpl.execute(JDBCStatementImpl.java:330)
	at org.jkiss.dbeaver.model.impl.jdbc.exec.JDBCStatementImpl.executeStatement(JDBCStatementImpl.java:131)
	... 12 more
2024-07-25 15:09:52.890 - SQL Error [1064] [42000]: You have an error in your SQL syntax; check the manual that corresponds to your MySQL server version for the right syntax to use near ''최종보유포인트',
    payment_point_change varchar(255) AS '최근포인' at line 4

Error position: line: 3
org.jkiss.dbeaver.model.sql.DBSQLException: SQL Error [1064] [42000]: You have an error in your SQL syntax; check the manual that corresponds to your MySQL server version for the right syntax to use near ''최종보유포인트',
    payment_point_change varchar(255) AS '최근포인' at line 4
	at org.jkiss.dbeaver.model.impl.jdbc.exec.JDBCStatementImpl.executeStatement(JDBCStatementImpl.java:133)
	at org.jkiss.dbeaver.ui.editors.sql.execute.SQLQueryJob.executeStatement(SQLQueryJob.java:614)
	at org.jkiss.dbeaver.ui.editors.sql.execute.SQLQueryJob.lambda$2(SQLQueryJob.java:505)
	at org.jkiss.dbeaver.model.exec.DBExecUtils.tryExecuteRecover(DBExecUtils.java:194)
	at org.jkiss.dbeaver.ui.editors.sql.execute.SQLQueryJob.executeSingleQuery(SQLQueryJob.java:524)
	at org.jkiss.dbeaver.ui.editors.sql.execute.SQLQueryJob.extractData(SQLQueryJob.java:976)
	at org.jkiss.dbeaver.ui.editors.sql.SQLEditor$QueryResultsContainer.readData(SQLEditor.java:4155)
	at org.jkiss.dbeaver.ui.controls.resultset.ResultSetJobDataRead.lambda$0(ResultSetJobDataRead.java:123)
	at org.jkiss.dbeaver.model.exec.DBExecUtils.tryExecuteRecover(DBExecUtils.java:194)
	at org.jkiss.dbeaver.ui.controls.resultset.ResultSetJobDataRead.run(ResultSetJobDataRead.java:121)
	at org.jkiss.dbeaver.ui.controls.resultset.ResultSetViewer$ResultSetDataPumpJob.run(ResultSetViewer.java:5152)
	at org.jkiss.dbeaver.model.runtime.AbstractJob.run(AbstractJob.java:115)
	at org.eclipse.core.internal.jobs.Worker.run(Worker.java:63)
Caused by: java.sql.SQLSyntaxErrorException: You have an error in your SQL syntax; check the manual that corresponds to your MySQL server version for the right syntax to use near ''최종보유포인트',
    payment_point_change varchar(255) AS '최근포인' at line 4
	at com.mysql.cj.jdbc.exceptions.SQLError.createSQLException(SQLError.java:121)
	at com.mysql.cj.jdbc.exceptions.SQLExceptionsMapping.translateException(SQLExceptionsMapping.java:122)
	at com.mysql.cj.jdbc.StatementImpl.executeInternal(StatementImpl.java:767)
	at com.mysql.cj.jdbc.StatementImpl.execute(StatementImpl.java:652)
	at org.jkiss.dbeaver.model.impl.jdbc.exec.JDBCStatementImpl.execute(JDBCStatementImpl.java:330)
	at org.jkiss.dbeaver.model.impl.jdbc.exec.JDBCStatementImpl.executeStatement(JDBCStatementImpl.java:131)
	... 12 more
2024-07-25 15:10:06.910 - SQL Error [1064] [42000]: You have an error in your SQL syntax; check the manual that corresponds to your MySQL server version for the right syntax to use near 'null
--     CONSTRAINT `payment_price` FOREIGN KEY (`payment_no`) REFERENCES `p' at line 8
org.jkiss.dbeaver.model.sql.DBSQLException: SQL Error [1064] [42000]: You have an error in your SQL syntax; check the manual that corresponds to your MySQL server version for the right syntax to use near 'null
--     CONSTRAINT `payment_price` FOREIGN KEY (`payment_no`) REFERENCES `p' at line 8
	at org.jkiss.dbeaver.model.impl.jdbc.exec.JDBCStatementImpl.executeStatement(JDBCStatementImpl.java:133)
	at org.jkiss.dbeaver.ui.editors.sql.execute.SQLQueryJob.executeStatement(SQLQueryJob.java:614)
	at org.jkiss.dbeaver.ui.editors.sql.execute.SQLQueryJob.lambda$2(SQLQueryJob.java:505)
	at org.jkiss.dbeaver.model.exec.DBExecUtils.tryExecuteRecover(DBExecUtils.java:194)
	at org.jkiss.dbeaver.ui.editors.sql.execute.SQLQueryJob.executeSingleQuery(SQLQueryJob.java:524)
	at org.jkiss.dbeaver.ui.editors.sql.execute.SQLQueryJob.extractData(SQLQueryJob.java:976)
	at org.jkiss.dbeaver.ui.editors.sql.SQLEditor$QueryResultsContainer.readData(SQLEditor.java:4155)
	at org.jkiss.dbeaver.ui.controls.resultset.ResultSetJobDataRead.lambda$0(ResultSetJobDataRead.java:123)
	at org.jkiss.dbeaver.model.exec.DBExecUtils.tryExecuteRecover(DBExecUtils.java:194)
	at org.jkiss.dbeaver.ui.controls.resultset.ResultSetJobDataRead.run(ResultSetJobDataRead.java:121)
	at org.jkiss.dbeaver.ui.controls.resultset.ResultSetViewer$ResultSetDataPumpJob.run(ResultSetViewer.java:5152)
	at org.jkiss.dbeaver.model.runtime.AbstractJob.run(AbstractJob.java:115)
	at org.eclipse.core.internal.jobs.Worker.run(Worker.java:63)
Caused by: java.sql.SQLSyntaxErrorException: You have an error in your SQL syntax; check the manual that corresponds to your MySQL server version for the right syntax to use near 'null
--     CONSTRAINT `payment_price` FOREIGN KEY (`payment_no`) REFERENCES `p' at line 8
	at com.mysql.cj.jdbc.exceptions.SQLError.createSQLException(SQLError.java:121)
	at com.mysql.cj.jdbc.exceptions.SQLExceptionsMapping.translateException(SQLExceptionsMapping.java:122)
	at com.mysql.cj.jdbc.StatementImpl.executeInternal(StatementImpl.java:767)
	at com.mysql.cj.jdbc.StatementImpl.execute(StatementImpl.java:652)
	at org.jkiss.dbeaver.model.impl.jdbc.exec.JDBCStatementImpl.execute(JDBCStatementImpl.java:330)
	at org.jkiss.dbeaver.model.impl.jdbc.exec.JDBCStatementImpl.executeStatement(JDBCStatementImpl.java:131)
	... 12 more
2024-07-25 15:10:15.159 - SQL Error [1064] [42000]: You have an error in your SQL syntax; check the manual that corresponds to your MySQL server version for the right syntax to use near 'NULL
--     CONSTRAINT `payment_price` FOREIGN KEY (`payment_no`) REFERENCES `p' at line 8
org.jkiss.dbeaver.model.sql.DBSQLException: SQL Error [1064] [42000]: You have an error in your SQL syntax; check the manual that corresponds to your MySQL server version for the right syntax to use near 'NULL
--     CONSTRAINT `payment_price` FOREIGN KEY (`payment_no`) REFERENCES `p' at line 8
	at org.jkiss.dbeaver.model.impl.jdbc.exec.JDBCStatementImpl.executeStatement(JDBCStatementImpl.java:133)
	at org.jkiss.dbeaver.ui.editors.sql.execute.SQLQueryJob.executeStatement(SQLQueryJob.java:614)
	at org.jkiss.dbeaver.ui.editors.sql.execute.SQLQueryJob.lambda$2(SQLQueryJob.java:505)
	at org.jkiss.dbeaver.model.exec.DBExecUtils.tryExecuteRecover(DBExecUtils.java:194)
	at org.jkiss.dbeaver.ui.editors.sql.execute.SQLQueryJob.executeSingleQuery(SQLQueryJob.java:524)
	at org.jkiss.dbeaver.ui.editors.sql.execute.SQLQueryJob.extractData(SQLQueryJob.java:976)
	at org.jkiss.dbeaver.ui.editors.sql.SQLEditor$QueryResultsContainer.readData(SQLEditor.java:4155)
	at org.jkiss.dbeaver.ui.controls.resultset.ResultSetJobDataRead.lambda$0(ResultSetJobDataRead.java:123)
	at org.jkiss.dbeaver.model.exec.DBExecUtils.tryExecuteRecover(DBExecUtils.java:194)
	at org.jkiss.dbeaver.ui.controls.resultset.ResultSetJobDataRead.run(ResultSetJobDataRead.java:121)
	at org.jkiss.dbeaver.ui.controls.resultset.ResultSetViewer$ResultSetDataPumpJob.run(ResultSetViewer.java:5152)
	at org.jkiss.dbeaver.model.runtime.AbstractJob.run(AbstractJob.java:115)
	at org.eclipse.core.internal.jobs.Worker.run(Worker.java:63)
Caused by: java.sql.SQLSyntaxErrorException: You have an error in your SQL syntax; check the manual that corresponds to your MySQL server version for the right syntax to use near 'NULL
--     CONSTRAINT `payment_price` FOREIGN KEY (`payment_no`) REFERENCES `p' at line 8
	at com.mysql.cj.jdbc.exceptions.SQLError.createSQLException(SQLError.java:121)
	at com.mysql.cj.jdbc.exceptions.SQLExceptionsMapping.translateException(SQLExceptionsMapping.java:122)
	at com.mysql.cj.jdbc.StatementImpl.executeInternal(StatementImpl.java:767)
	at com.mysql.cj.jdbc.StatementImpl.execute(StatementImpl.java:652)
	at org.jkiss.dbeaver.model.impl.jdbc.exec.JDBCStatementImpl.execute(JDBCStatementImpl.java:330)
	at org.jkiss.dbeaver.model.impl.jdbc.exec.JDBCStatementImpl.executeStatement(JDBCStatementImpl.java:131)
	... 12 more
2024-07-25 15:10:29.075 - SQL Error [1064] [42000]: You have an error in your SQL syntax; check the manual that corresponds to your MySQL server version for the right syntax to use near 'NULL
--     CONSTRAINT `payment_price` FOREIGN KEY (`payment_no`) REFERENCES `p' at line 8
org.jkiss.dbeaver.model.sql.DBSQLException: SQL Error [1064] [42000]: You have an error in your SQL syntax; check the manual that corresponds to your MySQL server version for the right syntax to use near 'NULL
--     CONSTRAINT `payment_price` FOREIGN KEY (`payment_no`) REFERENCES `p' at line 8
	at org.jkiss.dbeaver.model.impl.jdbc.exec.JDBCStatementImpl.executeStatement(JDBCStatementImpl.java:133)
	at org.jkiss.dbeaver.ui.editors.sql.execute.SQLQueryJob.executeStatement(SQLQueryJob.java:614)
	at org.jkiss.dbeaver.ui.editors.sql.execute.SQLQueryJob.lambda$2(SQLQueryJob.java:505)
	at org.jkiss.dbeaver.model.exec.DBExecUtils.tryExecuteRecover(DBExecUtils.java:194)
	at org.jkiss.dbeaver.ui.editors.sql.execute.SQLQueryJob.executeSingleQuery(SQLQueryJob.java:524)
	at org.jkiss.dbeaver.ui.editors.sql.execute.SQLQueryJob.extractData(SQLQueryJob.java:976)
	at org.jkiss.dbeaver.ui.editors.sql.SQLEditor$QueryResultsContainer.readData(SQLEditor.java:4155)
	at org.jkiss.dbeaver.ui.controls.resultset.ResultSetJobDataRead.lambda$0(ResultSetJobDataRead.java:123)
	at org.jkiss.dbeaver.model.exec.DBExecUtils.tryExecuteRecover(DBExecUtils.java:194)
	at org.jkiss.dbeaver.ui.controls.resultset.ResultSetJobDataRead.run(ResultSetJobDataRead.java:121)
	at org.jkiss.dbeaver.ui.controls.resultset.ResultSetViewer$ResultSetDataPumpJob.run(ResultSetViewer.java:5152)
	at org.jkiss.dbeaver.model.runtime.AbstractJob.run(AbstractJob.java:115)
	at org.eclipse.core.internal.jobs.Worker.run(Worker.java:63)
Caused by: java.sql.SQLSyntaxErrorException: You have an error in your SQL syntax; check the manual that corresponds to your MySQL server version for the right syntax to use near 'NULL
--     CONSTRAINT `payment_price` FOREIGN KEY (`payment_no`) REFERENCES `p' at line 8
	at com.mysql.cj.jdbc.exceptions.SQLError.createSQLException(SQLError.java:121)
	at com.mysql.cj.jdbc.exceptions.SQLExceptionsMapping.translateException(SQLExceptionsMapping.java:122)
	at com.mysql.cj.jdbc.StatementImpl.executeInternal(StatementImpl.java:767)
	at com.mysql.cj.jdbc.StatementImpl.execute(StatementImpl.java:652)
	at org.jkiss.dbeaver.model.impl.jdbc.exec.JDBCStatementImpl.execute(JDBCStatementImpl.java:330)
	at org.jkiss.dbeaver.model.impl.jdbc.exec.JDBCStatementImpl.executeStatement(JDBCStatementImpl.java:131)
	... 12 more
2024-07-25 15:29:12.572 - SQL Error [1050] [42S01]: Table 'testprice' already exists
org.jkiss.dbeaver.model.sql.DBSQLException: SQL Error [1050] [42S01]: Table 'testprice' already exists
	at org.jkiss.dbeaver.model.impl.jdbc.exec.JDBCStatementImpl.executeStatement(JDBCStatementImpl.java:133)
	at org.jkiss.dbeaver.ui.editors.sql.execute.SQLQueryJob.executeStatement(SQLQueryJob.java:614)
	at org.jkiss.dbeaver.ui.editors.sql.execute.SQLQueryJob.lambda$2(SQLQueryJob.java:505)
	at org.jkiss.dbeaver.model.exec.DBExecUtils.tryExecuteRecover(DBExecUtils.java:194)
	at org.jkiss.dbeaver.ui.editors.sql.execute.SQLQueryJob.executeSingleQuery(SQLQueryJob.java:524)
	at org.jkiss.dbeaver.ui.editors.sql.execute.SQLQueryJob.extractData(SQLQueryJob.java:976)
	at org.jkiss.dbeaver.ui.editors.sql.SQLEditor$QueryResultsContainer.readData(SQLEditor.java:4155)
	at org.jkiss.dbeaver.ui.controls.resultset.ResultSetJobDataRead.lambda$0(ResultSetJobDataRead.java:123)
	at org.jkiss.dbeaver.model.exec.DBExecUtils.tryExecuteRecover(DBExecUtils.java:194)
	at org.jkiss.dbeaver.ui.controls.resultset.ResultSetJobDataRead.run(ResultSetJobDataRead.java:121)
	at org.jkiss.dbeaver.ui.controls.resultset.ResultSetViewer$ResultSetDataPumpJob.run(ResultSetViewer.java:5152)
	at org.jkiss.dbeaver.model.runtime.AbstractJob.run(AbstractJob.java:115)
	at org.eclipse.core.internal.jobs.Worker.run(Worker.java:63)
Caused by: java.sql.SQLSyntaxErrorException: Table 'testprice' already exists
	at com.mysql.cj.jdbc.exceptions.SQLError.createSQLException(SQLError.java:121)
	at com.mysql.cj.jdbc.exceptions.SQLExceptionsMapping.translateException(SQLExceptionsMapping.java:122)
	at com.mysql.cj.jdbc.StatementImpl.executeInternal(StatementImpl.java:767)
	at com.mysql.cj.jdbc.StatementImpl.execute(StatementImpl.java:652)
	at org.jkiss.dbeaver.model.impl.jdbc.exec.JDBCStatementImpl.execute(JDBCStatementImpl.java:330)
	at org.jkiss.dbeaver.model.impl.jdbc.exec.JDBCStatementImpl.executeStatement(JDBCStatementImpl.java:131)
	... 12 more
2024-07-25 15:44:16.065 - SQL Error [1146] [42S02]: Table 'scott.payment_price' doesn't exist
org.jkiss.dbeaver.model.sql.DBSQLException: SQL Error [1146] [42S02]: Table 'scott.payment_price' doesn't exist
	at org.jkiss.dbeaver.model.impl.jdbc.exec.JDBCStatementImpl.executeStatement(JDBCStatementImpl.java:133)
	at org.jkiss.dbeaver.ui.editors.sql.execute.SQLQueryJob.executeStatement(SQLQueryJob.java:614)
	at org.jkiss.dbeaver.ui.editors.sql.execute.SQLQueryJob.lambda$2(SQLQueryJob.java:505)
	at org.jkiss.dbeaver.model.exec.DBExecUtils.tryExecuteRecover(DBExecUtils.java:194)
	at org.jkiss.dbeaver.ui.editors.sql.execute.SQLQueryJob.executeSingleQuery(SQLQueryJob.java:524)
	at org.jkiss.dbeaver.ui.editors.sql.execute.SQLQueryJob.extractData(SQLQueryJob.java:976)
	at org.jkiss.dbeaver.ui.editors.sql.SQLEditor$QueryResultsContainer.readData(SQLEditor.java:4155)
	at org.jkiss.dbeaver.ui.controls.resultset.ResultSetJobDataRead.lambda$0(ResultSetJobDataRead.java:123)
	at org.jkiss.dbeaver.model.exec.DBExecUtils.tryExecuteRecover(DBExecUtils.java:194)
	at org.jkiss.dbeaver.ui.controls.resultset.ResultSetJobDataRead.run(ResultSetJobDataRead.java:121)
	at org.jkiss.dbeaver.ui.controls.resultset.ResultSetViewer$ResultSetDataPumpJob.run(ResultSetViewer.java:5152)
	at org.jkiss.dbeaver.model.runtime.AbstractJob.run(AbstractJob.java:115)
	at org.eclipse.core.internal.jobs.Worker.run(Worker.java:63)
Caused by: java.sql.SQLSyntaxErrorException: Table 'scott.payment_price' doesn't exist
	at com.mysql.cj.jdbc.exceptions.SQLError.createSQLException(SQLError.java:121)
	at com.mysql.cj.jdbc.exceptions.SQLExceptionsMapping.translateException(SQLExceptionsMapping.java:122)
	at com.mysql.cj.jdbc.StatementImpl.executeInternal(StatementImpl.java:767)
	at com.mysql.cj.jdbc.StatementImpl.execute(StatementImpl.java:652)
	at org.jkiss.dbeaver.model.impl.jdbc.exec.JDBCStatementImpl.execute(JDBCStatementImpl.java:330)
	at org.jkiss.dbeaver.model.impl.jdbc.exec.JDBCStatementImpl.executeStatement(JDBCStatementImpl.java:131)
	... 12 more
2024-07-25 15:44:19.355 - Error resolving object
org.jkiss.dbeaver.DBException: Table 'payment_point' not found in catalog 'scott'
	at org.jkiss.dbeaver.ext.mysql.model.MySQLStructureAssistant$1.resolveObject(MySQLStructureAssistant.java:149)
	at org.jkiss.dbeaver.ui.editors.sql.dialogs.SuggestionInformationControl$1.run(SuggestionInformationControl.java:130)
	at org.jkiss.dbeaver.model.runtime.AbstractJob.run(AbstractJob.java:115)
	at org.eclipse.core.internal.jobs.Worker.run(Worker.java:63)
2024-07-25 15:44:22.826 - Table 'scott.payment_point' not found in metadata catalog
2024-07-25 15:44:22.826 - Table 'scott.payment_point' not found in metadata catalog
2024-07-25 15:44:22.826 - Table 'scott.payment_point' not found in metadata catalog
2024-07-25 15:44:22.826 - Table 'scott.payment_point' not found in metadata catalog
2024-07-25 15:44:22.826 - Table 'scott.payment_point' not found in metadata catalog
2024-07-25 15:44:22.827 - Table 'scott.payment_point' not found in metadata catalog
2024-07-25 15:44:22.827 - Table 'scott.payment_point' not found in metadata catalog
2024-07-25 15:44:48.160 - Table 'scott.payment_point' not found in metadata catalog
2024-07-25 15:44:48.160 - Table 'scott.payment_point' not found in metadata catalog
2024-07-25 15:44:48.161 - Table 'scott.payment_point' not found in metadata catalog
2024-07-25 15:44:48.161 - Table 'scott.payment_point' not found in metadata catalog
2024-07-25 15:44:48.161 - Table 'scott.payment_point' not found in metadata catalog
2024-07-25 15:44:48.161 - Table 'scott.payment_point' not found in metadata catalog
2024-07-25 15:44:48.161 - Table 'scott.payment_point' not found in metadata catalog
2024-07-25 15:45:59.893 - SQL Error [1146] [42S02]: Table 'scott.payment_price' doesn't exist
org.jkiss.dbeaver.model.sql.DBSQLException: SQL Error [1146] [42S02]: Table 'scott.payment_price' doesn't exist
	at org.jkiss.dbeaver.model.impl.jdbc.exec.JDBCStatementImpl.executeStatement(JDBCStatementImpl.java:133)
	at org.jkiss.dbeaver.ui.editors.sql.execute.SQLQueryJob.executeStatement(SQLQueryJob.java:614)
	at org.jkiss.dbeaver.ui.editors.sql.execute.SQLQueryJob.lambda$2(SQLQueryJob.java:505)
	at org.jkiss.dbeaver.ui.editors.sql.execute.SQLQueryJob.executeSingleQuery(SQLQueryJob.java:527)
	at org.jkiss.dbeaver.ui.editors.sql.execute.SQLQueryJob.extractData(SQLQueryJob.java:976)
	at org.jkiss.dbeaver.ui.editors.sql.SQLEditor$QueryResultsContainer.readData(SQLEditor.java:4155)
	at org.jkiss.dbeaver.ui.controls.resultset.ResultSetJobDataRead.lambda$0(ResultSetJobDataRead.java:123)
	at org.jkiss.dbeaver.model.exec.DBExecUtils.tryExecuteRecover(DBExecUtils.java:194)
	at org.jkiss.dbeaver.ui.controls.resultset.ResultSetJobDataRead.run(ResultSetJobDataRead.java:121)
	at org.jkiss.dbeaver.ui.controls.resultset.ResultSetViewer$ResultSetDataPumpJob.run(ResultSetViewer.java:5152)
	at org.jkiss.dbeaver.model.runtime.AbstractJob.run(AbstractJob.java:115)
	at org.eclipse.core.internal.jobs.Worker.run(Worker.java:63)
Caused by: java.sql.SQLSyntaxErrorException: Table 'scott.payment_price' doesn't exist
	at com.mysql.cj.jdbc.exceptions.SQLError.createSQLException(SQLError.java:121)
	at com.mysql.cj.jdbc.exceptions.SQLExceptionsMapping.translateException(SQLExceptionsMapping.java:122)
	at com.mysql.cj.jdbc.StatementImpl.executeInternal(StatementImpl.java:767)
	at com.mysql.cj.jdbc.StatementImpl.execute(StatementImpl.java:652)
	at org.jkiss.dbeaver.model.impl.jdbc.exec.JDBCStatementImpl.execute(JDBCStatementImpl.java:330)
	at org.jkiss.dbeaver.model.impl.jdbc.exec.JDBCStatementImpl.executeStatement(JDBCStatementImpl.java:131)
	... 11 more
2024-07-25 15:46:07.669 - Table 'scott.payment_point' not found in metadata catalog
2024-07-25 15:46:07.669 - Table 'scott.payment_point' not found in metadata catalog
2024-07-25 15:46:07.669 - Table 'scott.payment_point' not found in metadata catalog
2024-07-25 15:46:07.669 - Table 'scott.payment_point' not found in metadata catalog
2024-07-25 15:46:07.669 - Table 'scott.payment_point' not found in metadata catalog
2024-07-25 15:46:07.669 - Table 'scott.payment_point' not found in metadata catalog
2024-07-25 15:46:07.669 - Table 'scott.payment_point' not found in metadata catalog
2024-07-25 16:39:26.153 - SQL Error [1064] [42000]: You have an error in your SQL syntax; check the manual that corresponds to your MySQL server version for the right syntax to use near 'VALUES 100' at line 1

Error position:
org.jkiss.dbeaver.model.sql.DBSQLException: SQL Error [1064] [42000]: You have an error in your SQL syntax; check the manual that corresponds to your MySQL server version for the right syntax to use near 'VALUES 100' at line 1
	at org.jkiss.dbeaver.model.impl.jdbc.exec.JDBCStatementImpl.executeStatement(JDBCStatementImpl.java:133)
	at org.jkiss.dbeaver.ui.editors.sql.execute.SQLQueryJob.executeStatement(SQLQueryJob.java:614)
	at org.jkiss.dbeaver.ui.editors.sql.execute.SQLQueryJob.lambda$2(SQLQueryJob.java:505)
	at org.jkiss.dbeaver.model.exec.DBExecUtils.tryExecuteRecover(DBExecUtils.java:194)
	at org.jkiss.dbeaver.ui.editors.sql.execute.SQLQueryJob.executeSingleQuery(SQLQueryJob.java:524)
	at org.jkiss.dbeaver.ui.editors.sql.execute.SQLQueryJob.extractData(SQLQueryJob.java:976)
	at org.jkiss.dbeaver.ui.editors.sql.SQLEditor$QueryResultsContainer.readData(SQLEditor.java:4155)
	at org.jkiss.dbeaver.ui.controls.resultset.ResultSetJobDataRead.lambda$0(ResultSetJobDataRead.java:123)
	at org.jkiss.dbeaver.model.exec.DBExecUtils.tryExecuteRecover(DBExecUtils.java:194)
	at org.jkiss.dbeaver.ui.controls.resultset.ResultSetJobDataRead.run(ResultSetJobDataRead.java:121)
	at org.jkiss.dbeaver.ui.controls.resultset.ResultSetViewer$ResultSetDataPumpJob.run(ResultSetViewer.java:5152)
	at org.jkiss.dbeaver.model.runtime.AbstractJob.run(AbstractJob.java:115)
	at org.eclipse.core.internal.jobs.Worker.run(Worker.java:63)
Caused by: java.sql.SQLSyntaxErrorException: You have an error in your SQL syntax; check the manual that corresponds to your MySQL server version for the right syntax to use near 'VALUES 100' at line 1
	at com.mysql.cj.jdbc.exceptions.SQLError.createSQLException(SQLError.java:121)
	at com.mysql.cj.jdbc.exceptions.SQLExceptionsMapping.translateException(SQLExceptionsMapping.java:122)
	at com.mysql.cj.jdbc.StatementImpl.executeInternal(StatementImpl.java:767)
	at com.mysql.cj.jdbc.StatementImpl.execute(StatementImpl.java:652)
	at org.jkiss.dbeaver.model.impl.jdbc.exec.JDBCStatementImpl.execute(JDBCStatementImpl.java:330)
	at org.jkiss.dbeaver.model.impl.jdbc.exec.JDBCStatementImpl.executeStatement(JDBCStatementImpl.java:131)
	... 12 more
2024-07-25 16:39:39.228 - Table 'scott.payment_point' not found in metadata catalog
2024-07-25 16:39:39.228 - Table 'scott.payment_point' not found in metadata catalog
2024-07-25 16:39:39.228 - Table 'scott.payment_point' not found in metadata catalog
2024-07-25 16:39:39.229 - Table 'scott.payment_point' not found in metadata catalog
2024-07-25 16:39:39.229 - Table 'scott.payment_point' not found in metadata catalog
2024-07-25 16:39:39.229 - Table 'scott.payment_point' not found in metadata catalog
2024-07-25 16:39:39.229 - Table 'scott.payment_point' not found in metadata catalog
2024-07-25 17:18:51.307 - Table 'scott.payment_point' not found in metadata catalog
2024-07-25 17:18:51.308 - Table 'scott.payment_point' not found in metadata catalog
2024-07-25 17:18:51.308 - Table 'scott.payment_point' not found in metadata catalog
2024-07-25 17:18:51.309 - Table 'scott.payment_point' not found in metadata catalog
2024-07-25 17:18:51.309 - Table 'scott.payment_point' not found in metadata catalog
2024-07-25 17:18:51.309 - Table 'scott.payment_point' not found in metadata catalog
2024-07-25 17:18:51.309 - Table 'scott.payment_point' not found in metadata catalog
2024-07-25 17:27:41.548 - Table 'scott.payment_point' not found in metadata catalog
2024-07-25 17:27:41.548 - Table 'scott.payment_point' not found in metadata catalog
2024-07-25 17:27:41.548 - Table 'scott.payment_point' not found in metadata catalog
2024-07-25 17:27:41.549 - Table 'scott.payment_point' not found in metadata catalog
2024-07-25 17:27:41.549 - Table 'scott.payment_point' not found in metadata catalog
2024-07-25 17:27:41.549 - Table 'scott.payment_point' not found in metadata catalog
2024-07-25 17:27:41.549 - Table 'scott.payment_point' not found in metadata catalog
2024-07-25 17:27:47.123 - Table 'scott.payment_point' not found in metadata catalog
2024-07-25 17:27:47.123 - Table 'scott.payment_point' not found in metadata catalog
2024-07-25 17:27:47.123 - Table 'scott.payment_point' not found in metadata catalog
2024-07-25 17:27:47.124 - Table 'scott.payment_point' not found in metadata catalog
2024-07-25 17:27:47.124 - Table 'scott.payment_point' not found in metadata catalog
2024-07-25 17:27:47.124 - Table 'scott.payment_point' not found in metadata catalog
2024-07-25 17:27:47.124 - Table 'scott.payment_point' not found in metadata catalog
2024-07-25 17:28:44.923 - Table 'scott.payment_point' not found in metadata catalog
2024-07-25 17:28:44.923 - Table 'scott.payment_point' not found in metadata catalog
2024-07-25 17:28:44.923 - Table 'scott.payment_point' not found in metadata catalog
2024-07-25 17:28:44.923 - Table 'scott.payment_point' not found in metadata catalog
2024-07-25 17:28:44.923 - Table 'scott.payment_point' not found in metadata catalog
2024-07-25 17:28:44.923 - Table 'scott.payment_point' not found in metadata catalog
2024-07-25 17:28:44.924 - Table 'scott.payment_point' not found in metadata catalog
2024-07-25 17:47:11.724 - Table 'scott.payment_point' not found in metadata catalog
2024-07-25 17:47:11.725 - Table 'scott.payment_point' not found in metadata catalog
2024-07-25 17:47:11.725 - Table 'scott.payment_point' not found in metadata catalog
2024-07-25 17:47:11.725 - Table 'scott.payment_point' not found in metadata catalog
2024-07-25 17:47:11.725 - Table 'scott.payment_point' not found in metadata catalog
2024-07-25 17:47:11.725 - Table 'scott.payment_point' not found in metadata catalog
2024-07-25 17:47:11.725 - Table 'scott.payment_point' not found in metadata catalog
2024-07-25 17:47:25.282 - Execution context closed (localhost 2, 2)
2024-07-25 17:47:25.643 - DBeaver is stopping
2024-07-25 17:47:25.647 - Stop instance server
2024-07-25 17:47:26.654 - DBeaver shutdown completed
