2024-06-12 17:46:59.359 - DBeaver 24.0.3.202404211624 is starting
2024-06-12 17:46:59.360 - OS: Windows 10 10.0 (amd64)
2024-06-12 17:46:59.361 - Java version: 17.0.6 by Eclipse Adoptium (64bit)
2024-06-12 17:46:59.361 - Install path: 'H:\workspace\oracle\DBeaver'
2024-06-12 17:46:59.361 - Instance path: 'file:/H:/workspace/multi/04_db/'
2024-06-12 17:46:59.362 - Memory available 64Mb/1024Mb
2024-06-12 17:46:59.371 - Create display
2024-06-12 17:46:59.513 - Initialize desktop platform...
2024-06-12 17:46:59.647 - BounceCastle bundle found. Use JCE provider BC
> Start Core File Systems [org.eclipse.core.filesystem 1.10.200.v20231102-0934]
> Start Core Resource Management [org.eclipse.core.resources 3.20.0.v20231102-0934]
> Start 팀 지원 핵심 [org.eclipse.team.core 3.10.200.v20231106-1240]
> Start DBeaver UI Navigator [org.jkiss.dbeaver.ui.navigator 1.0.129.202404211624]
2024-06-12 17:46:59.930 - Initialize base platform...
2024-06-12 17:46:59.960 - Platform initialized (447ms)
> Start DBeaver UI Editors - Base [org.jkiss.dbeaver.ui.editors.base 1.0.129.202404211624]
2024-06-12 17:47:00.136 - Starting instance server at http://localhost:8974
2024-06-12 17:47:00.156 - Run workbench
> Start Eclipse e4 작업영역 SWT [org.eclipse.e4.ui.workbench.swt 0.17.200.v20231030-2045]
> Start Eclipse Application Services [org.eclipse.e4.core.services 2.4.200.v20231103-2012]
> Start Eclipse UI Application Services [org.eclipse.e4.ui.services 1.6.200.v20231030-2045]
> Start Eclipse e4 Progress View [org.eclipse.e4.ui.progress 0.4.200.v20231030-2045]
> Start Eclipse Bindings Support [org.eclipse.e4.ui.bindings 0.14.200.v20231030-2045]
> Start Eclipse e4 core commands [org.eclipse.e4.core.commands 1.1.200.v20231108-1058]
> Start EMF XML/XMI Persistence [org.eclipse.emf.ecore.xmi 2.36.0.v20231002-1156]
> Start Eclipse CSS SWT Theme Support [org.eclipse.e4.ui.css.swt.theme 0.14.200.v20230913-1724]
> Start Eclipse e4 작업영역 기능 추가 [org.eclipse.e4.ui.workbench.addons.swt 1.5.200.v20231106-1600]
> Start Eclipse e4 작업영역 SWT 렌더러 [org.eclipse.e4.ui.workbench.renderers.swt 0.16.200.v20231030-2045]
> Start Eclipse Dependency Injection Extensions [org.eclipse.e4.core.di.extensions 0.18.100.v20231103-2012]
> Start Eclipse CSS SWT Support [org.eclipse.e4.ui.css.swt 0.15.200.v20231025-0632]
2024-06-12 17:47:09.671 - Configure workbench window
> Start DBeaver SQL Model [org.jkiss.dbeaver.model.sql 1.0.119.202404211624]
2024-06-12 17:47:09.858 - Total database drivers: 112 (112)
> Start 도움말 시스템 코어 [org.eclipse.help 3.10.200.v20231106-1240]
2024-06-12 17:47:10.053 - Create actions
2024-06-12 17:47:10.059 - Disable Eclipse action set 'org.eclipse.ui.edit.text.actionSet.annotationNavigation'
2024-06-12 17:47:10.059 - Disable Eclipse action set 'org.eclipse.ui.WorkingSetActionSet'
2024-06-12 17:47:10.060 - Disable Eclipse action set 'org.eclipse.ui.actionSet.openFiles'
2024-06-12 17:47:10.060 - Create workbench actions
> Start jna [com.sun.jna 5.13.0.v20230812-1000]
2024-06-12 17:47:11.362 - Initialize workbench window
2024-06-12 17:47:11.373 - Finish initialization
> Start 기본 문서 편집기 [org.eclipse.ui.editors 3.17.100.v20231106-1600]
> Start 텍스트 편집기 프레임워크 [org.eclipse.ui.workbench.texteditor 3.17.200.v20231106-1600]
> Start DBeaver UI Editors - Data [org.jkiss.dbeaver.ui.editors.data 1.0.129.202404211624]
Warning: NLS unused message: actions_navigator__objects in: org.jkiss.dbeaver.ui.editors.sql.internal.SQLEditorMessages
> Start DBeaver UI Editors - SQL [org.jkiss.dbeaver.ui.editors.sql 1.0.129.202404211624]
> Start DBeaver SQL Terminal [org.jkiss.dbeaver.ui.editors.sql.terminal 1.0.105.202404211624]
> Start 핵심 비교 지원 [org.eclipse.compare.core 3.8.300.v20231106-1240]
> Start 인터넷 연결 관리 사용자 인터페이스 [org.eclipse.ui.net 1.5.200.v20231106-1240]
> Start Internet Connection Management [org.eclipse.core.net 1.5.200.v20231106-1240]
> Start DBeaver Sample Database [org.jkiss.dbeaver.ext.sample.database 1.0.166.202404211624]
> Start DBeaver Tip of the day [org.jkiss.dbeaver.ext.ui.tipoftheday 1.0.135.202404211624]
> Start GEF Classic Draw2d [org.eclipse.draw2d 3.14.100.202311222042]
> Start GEF Classic GEF (MVC) [org.eclipse.gef 3.16.0.202311222042]
> Start DBeaver ERD UI [org.jkiss.dbeaver.erd.ui 3.0.89.202404211624]
> Start DBeaver ERD Model [org.jkiss.dbeaver.erd.model 1.0.89.202404211624]
> Start DBeaver Dashboard UI [org.jkiss.dbeaver.ui.dashboard 1.0.126.202404211624]
> Start DBeaver Dashboards Model [org.jkiss.dbeaver.model.dashboard 1.0.2.202404211624]
> Start DBeaver JDBC Model [org.jkiss.dbeaver.model.jdbc 1.0.22.202404211624]
> Start DBeaver Oracle Model [org.jkiss.dbeaver.ext.oracle 2.1.214.202404211624]
> Start DBeaver UI Editors - Connections [org.jkiss.dbeaver.ui.editors.connection 1.0.120.202404211624]
> Start 콘솔 [org.eclipse.ui.console 3.13.100.v20230914-0751]
> Start 디버그 핵심 [org.eclipse.debug.core 3.21.200.v20231021-1513]
2024-06-12 17:47:14.917 - Connect with 'localhost 2' (mysql8-18f3c4755fa-48d44911c1ae78cb)
> Start DBeaver MySQL Support [org.jkiss.dbeaver.ext.mysql 2.1.214.202404211624]
2024-06-12 17:47:14.957 - Execution context opened (localhost 2; Main; 0)
> Start DBeaver GIS Support [org.jkiss.dbeaver.data.gis 1.0.153.202404211624]
> Start DBeaver SQL Language Semantic Model [org.jkiss.dbeaver.model.lsm 1.0.24.202404211624]
2024-06-12 17:47:15.319 - Execution context opened (localhost 2; Metadata; 1)
2024-06-12 17:47:15.488 - Connected (mysql8-18f3c4755fa-48d44911c1ae78cb, MySQL Connector/J [mysql-connector-j-8.2.0 (Revision: 06a1f724497fd81c6a659131fda822c9e5085b6c)])
2024-06-12 17:47:16.094 - Execution context opened (localhost 2; SQLEditor <jsp_mysql.sql>; 2)
> Start DBeaver Tasks - Native Tools UI [org.jkiss.dbeaver.tasks.native.ui 1.0.107.202404211624]
> Start DBeaver MySQL UI Support [org.jkiss.dbeaver.ext.mysql.ui 1.0.121.202404211624]
> Start DBeaver Tasks - General UI [org.jkiss.dbeaver.tasks.ui 1.0.107.202404211624]
2024-06-12 17:47:23.874 - Connect with 'localhost 3' (oracle_thin-18f3cd72e0c-5d72d8081e0b6b19)
2024-06-12 17:47:23.880 - Execution context opened (localhost 3; Main; 3)
2024-06-12 17:47:24.604 - Execution context opened (localhost 3; Metadata; 4)
2024-06-12 17:47:24.676 - Connected (oracle_thin-18f3cd72e0c-5d72d8081e0b6b19, Oracle JDBC driver [23.2.0.0.0])
> Start DBeaver Oracle UI [org.jkiss.dbeaver.ext.oracle.ui 1.0.116.202404211624]
2024-06-12 17:50:12.932 - Error : 2292, Position : 0, SQL = DELETE FROM SCOTT.TBL_MEMBER x
	WHERE x.MEMBER_NO=:1 , Original SQL = DELETE FROM SCOTT.TBL_MEMBER x
	WHERE x.MEMBER_NO=?, Error Message = ORA-02292: integrity constraint (SCOTT.FK_TBL_MEMBER_ROLE1) violated - child record found

Error : 2292, Position : 0, SQL = DELETE FROM SCOTT.TBL_MEMBER x
	WHERE x.MEMBER_NO=:1 , Original SQL = DELETE FROM SCOTT.TBL_MEMBER x
	WHERE x.MEMBER_NO=?, Error Message = ORA-02292: integrity constraint (SCOTT.FK_TBL_MEMBER_ROLE1) violated - child record found

	at oracle.jdbc.driver.T4CTTIoer11.processError(T4CTTIoer11.java:710)
	at oracle.jdbc.driver.T4CTTIoer11.processError(T4CTTIoer11.java:608)
	at oracle.jdbc.driver.T4C8Oall.processError(T4C8Oall.java:1335)
	at oracle.jdbc.driver.T4CTTIfun.receive(T4CTTIfun.java:1041)
	at oracle.jdbc.driver.T4CTTIfun.doRPC(T4CTTIfun.java:443)
	at oracle.jdbc.driver.T4C8Oall.doOALL(T4C8Oall.java:533)
	at oracle.jdbc.driver.T4CPreparedStatement.doOall8(T4CPreparedStatement.java:262)
	at oracle.jdbc.driver.T4CPreparedStatement.executeForRows(T4CPreparedStatement.java:1392)
	at oracle.jdbc.driver.OracleStatement.executeSQLStatement(OracleStatement.java:1877)
	at oracle.jdbc.driver.OracleStatement.doExecuteWithTimeout(OracleStatement.java:1520)
	at oracle.jdbc.driver.OraclePreparedStatement.executeInternal(OraclePreparedStatement.java:3751)
	at oracle.jdbc.driver.OraclePreparedStatement.execute(OraclePreparedStatement.java:4180)
	at oracle.jdbc.driver.OraclePreparedStatementWrapper.execute(OraclePreparedStatementWrapper.java:1015)
	at org.jkiss.dbeaver.model.impl.jdbc.exec.JDBCPreparedStatementImpl.execute(JDBCPreparedStatementImpl.java:261)
	at org.jkiss.dbeaver.model.impl.jdbc.exec.JDBCPreparedStatementImpl.executeStatement(JDBCPreparedStatementImpl.java:205)
	at org.jkiss.dbeaver.model.impl.data.ExecuteBatchImpl.executeStatement(ExecuteBatchImpl.java:310)
	at org.jkiss.dbeaver.model.impl.data.ExecuteBatchImpl.processBatch(ExecuteBatchImpl.java:178)
	at org.jkiss.dbeaver.model.impl.data.ExecuteBatchImpl.execute(ExecuteBatchImpl.java:81)
	at org.jkiss.dbeaver.ui.controls.resultset.ResultSetPersister$DataUpdaterJob.executeStatements(ResultSetPersister.java:757)
	at org.jkiss.dbeaver.ui.controls.resultset.ResultSetPersister$DataUpdaterJob.lambda$2(ResultSetPersister.java:707)
	at org.jkiss.dbeaver.model.exec.DBExecUtils.tryExecuteRecover(DBExecUtils.java:194)
	at org.jkiss.dbeaver.ui.controls.resultset.ResultSetPersister$DataUpdaterJob.executeStatements(ResultSetPersister.java:706)
	at org.jkiss.dbeaver.ui.controls.resultset.ResultSetPersister$DataUpdaterJob.run(ResultSetPersister.java:644)
	at org.jkiss.dbeaver.model.runtime.AbstractJob.run(AbstractJob.java:115)
	at org.eclipse.core.internal.jobs.Worker.run(Worker.java:63)
2024-06-12 17:50:26.627 - Execution context closed (localhost 2, 2)
2024-06-12 17:50:27.399 - DBeaver is stopping
2024-06-12 17:50:27.454 - Stop instance server
2024-06-12 17:50:28.412 - DBeaver shutdown completed
