2024-05-17 15:04:22.202 - DBeaver 24.0.3.202404211624 is starting
2024-05-17 15:04:22.203 - OS: Windows 10 10.0 (amd64)
2024-05-17 15:04:22.203 - Java version: 17.0.6 by Eclipse Adoptium (64bit)
2024-05-17 15:04:22.204 - Install path: 'H:\workspace\oracle\DBeaver'
2024-05-17 15:04:22.204 - Instance path: 'file:/H:/workspace/multi/04_db/'
2024-05-17 15:04:22.206 - Memory available 64Mb/1024Mb
2024-05-17 15:04:22.213 - Create display
2024-05-17 15:04:22.369 - Initialize desktop platform...
2024-05-17 15:04:22.513 - BounceCastle bundle found. Use JCE provider BC
> Start Core File Systems [org.eclipse.core.filesystem 1.10.200.v20231102-0934]
> Start Core Resource Management [org.eclipse.core.resources 3.20.0.v20231102-0934]
> Start 팀 지원 핵심 [org.eclipse.team.core 3.10.200.v20231106-1240]
> Start DBeaver UI Navigator [org.jkiss.dbeaver.ui.navigator 1.0.129.202404211624]
2024-05-17 15:04:22.814 - Initialize base platform...
2024-05-17 15:04:22.842 - Platform initialized (473ms)
> Start DBeaver UI Editors - Base [org.jkiss.dbeaver.ui.editors.base 1.0.129.202404211624]
2024-05-17 15:04:22.995 - Starting instance server at http://localhost:11175
2024-05-17 15:04:23.021 - Run workbench
> Start Eclipse e4 작업영역 SWT [org.eclipse.e4.ui.workbench.swt 0.17.200.v20231030-2045]
> Start Eclipse Application Services [org.eclipse.e4.core.services 2.4.200.v20231103-2012]
> Start Eclipse UI Application Services [org.eclipse.e4.ui.services 1.6.200.v20231030-2045]
> Start Eclipse e4 Progress View [org.eclipse.e4.ui.progress 0.4.200.v20231030-2045]
> Start Eclipse Bindings Support [org.eclipse.e4.ui.bindings 0.14.200.v20231030-2045]
> Start Eclipse e4 core commands [org.eclipse.e4.core.commands 1.1.200.v20231108-1058]
> Start EMF XML/XMI Persistence [org.eclipse.emf.ecore.xmi 2.36.0.v20231002-1156]
> Start Eclipse CSS SWT Theme Support [org.eclipse.e4.ui.css.swt.theme 0.14.200.v20230913-1724]
> Start Eclipse e4 작업영역 기능 추가 [org.eclipse.e4.ui.workbench.addons.swt 1.5.200.v20231106-1600]
> Start Eclipse e4 작업영역 SWT 렌더러 [org.eclipse.e4.ui.workbench.renderers.swt 0.16.200.v20231030-2045]
> Start Eclipse Dependency Injection Extensions [org.eclipse.e4.core.di.extensions 0.18.100.v20231103-2012]
> Start Eclipse CSS SWT Support [org.eclipse.e4.ui.css.swt 0.15.200.v20231025-0632]
2024-05-17 15:04:31.123 - Configure workbench window
> Start DBeaver SQL Model [org.jkiss.dbeaver.model.sql 1.0.119.202404211624]
2024-05-17 15:04:31.318 - Total database drivers: 112 (112)
> Start 도움말 시스템 코어 [org.eclipse.help 3.10.200.v20231106-1240]
2024-05-17 15:04:31.464 - Create actions
2024-05-17 15:04:31.501 - Disable Eclipse action set 'org.eclipse.ui.edit.text.actionSet.annotationNavigation'
2024-05-17 15:04:31.502 - Disable Eclipse action set 'org.eclipse.ui.WorkingSetActionSet'
2024-05-17 15:04:31.502 - Disable Eclipse action set 'org.eclipse.ui.actionSet.openFiles'
2024-05-17 15:04:31.502 - Create workbench actions
> Start jna [com.sun.jna 5.13.0.v20230812-1000]
2024-05-17 15:04:32.780 - Initialize workbench window
2024-05-17 15:04:32.785 - Finish initialization
> Start 기본 문서 편집기 [org.eclipse.ui.editors 3.17.100.v20231106-1600]
> Start 텍스트 편집기 프레임워크 [org.eclipse.ui.workbench.texteditor 3.17.200.v20231106-1600]
> Start DBeaver UI Editors - Data [org.jkiss.dbeaver.ui.editors.data 1.0.129.202404211624]
Warning: NLS unused message: actions_navigator__objects in: org.jkiss.dbeaver.ui.editors.sql.internal.SQLEditorMessages
> Start DBeaver UI Editors - SQL [org.jkiss.dbeaver.ui.editors.sql 1.0.129.202404211624]
> Start DBeaver SQL Terminal [org.jkiss.dbeaver.ui.editors.sql.terminal 1.0.105.202404211624]
> Start 핵심 비교 지원 [org.eclipse.compare.core 3.8.300.v20231106-1240]
> Start 인터넷 연결 관리 사용자 인터페이스 [org.eclipse.ui.net 1.5.200.v20231106-1240]
> Start Internet Connection Management [org.eclipse.core.net 1.5.200.v20231106-1240]
> Start DBeaver Sample Database [org.jkiss.dbeaver.ext.sample.database 1.0.166.202404211624]
> Start DBeaver Tip of the day [org.jkiss.dbeaver.ext.ui.tipoftheday 1.0.135.202404211624]
> Start GEF Classic Draw2d [org.eclipse.draw2d 3.14.100.202311222042]
> Start GEF Classic GEF (MVC) [org.eclipse.gef 3.16.0.202311222042]
> Start DBeaver ERD UI [org.jkiss.dbeaver.erd.ui 3.0.89.202404211624]
> Start DBeaver ERD Model [org.jkiss.dbeaver.erd.model 1.0.89.202404211624]
> Start DBeaver Dashboard UI [org.jkiss.dbeaver.ui.dashboard 1.0.126.202404211624]
> Start DBeaver Dashboards Model [org.jkiss.dbeaver.model.dashboard 1.0.2.202404211624]
> Start DBeaver JDBC Model [org.jkiss.dbeaver.model.jdbc 1.0.22.202404211624]
> Start DBeaver Oracle Model [org.jkiss.dbeaver.ext.oracle 2.1.214.202404211624]
> Start DBeaver UI Editors - Connections [org.jkiss.dbeaver.ui.editors.connection 1.0.120.202404211624]
> Start 콘솔 [org.eclipse.ui.console 3.13.100.v20230914-0751]
> Start 디버그 핵심 [org.eclipse.debug.core 3.21.200.v20231021-1513]
> Start DBeaver SQL Language Semantic Model [org.jkiss.dbeaver.model.lsm 1.0.24.202404211624]
2024-05-17 15:04:36.533 - Connect with 'localhost' (oracle_thin-18f3c7e490f-66e9f76381d1fe84)
2024-05-17 15:04:36.562 - Execution context opened (localhost; Main; 0)
2024-05-17 15:04:37.439 - Execution context opened (localhost; Metadata; 1)
2024-05-17 15:04:37.585 - Connected (oracle_thin-18f3c7e490f-66e9f76381d1fe84, Oracle JDBC driver [23.2.0.0.0])
2024-05-17 15:04:37.623 - Execution context opened (localhost; SQLEditor <프로젝트 oracle.sql>; 2)
2024-05-17 15:04:37.971 - Open [https://dbeaver.io/product/version.xml]
> Start DBeaver Tasks - Native Tools UI [org.jkiss.dbeaver.tasks.native.ui 1.0.107.202404211624]
> Start DBeaver Oracle UI [org.jkiss.dbeaver.ext.oracle.ui 1.0.116.202404211624]
> Start DBeaver Tasks - General UI [org.jkiss.dbeaver.tasks.ui 1.0.107.202404211624]
> Start Data Transfer UI [org.jkiss.dbeaver.data.transfer.ui 1.0.113.202404211624]
2024-05-17 15:17:21.071 - Service 'org.jkiss.dbeaver.runtime.ui.UIServiceSecurity' not found
2024-05-17 15:17:21.117 - Unrecognized Oracle client version at H:/workspace/oracle/DBeaver/jre
2024-05-17 15:17:25.961 - Connect with 'jdbc:oracle:thin:@//localhost:1521/XE' (oracle_thin-18f8532bca8-1d326c59f4f945d3)
2024-05-17 15:17:25.962 - Execution context opened (jdbc:oracle:thin:@//localhost:1521/XE; Main; 3)
2024-05-17 15:17:26.043 - Connected (oracle_thin-18f8532bca8-1d326c59f4f945d3, Oracle JDBC driver [23.2.0.0.0])
2024-05-17 15:17:26.057 - Execution context closed (jdbc:oracle:thin:@//localhost:1521/XE, 3)
2024-05-17 15:17:26.057 - Disconnected (oracle_thin-18f8532bca8-1d326c59f4f945d3)
> Start DBeaver Data Transfer [org.jkiss.dbeaver.data.transfer 2.0.113.202404211624]
2024-05-17 15:17:31.768 - Connect with 'localhost 3' (oracle_thin-18f3cd72e0c-5d72d8081e0b6b19)
2024-05-17 15:17:31.769 - Execution context opened (localhost 3; Main; 4)
2024-05-17 15:17:31.802 - Execution context opened (localhost 3; Metadata; 5)
2024-05-17 15:17:31.843 - Connected (oracle_thin-18f3cd72e0c-5d72d8081e0b6b19, Oracle JDBC driver [23.2.0.0.0])
2024-05-17 15:17:35.629 - Execution context opened (localhost 3; SQLEditor <Script-16.sql>; 6)
2024-05-17 15:17:52.870 - Service 'org.jkiss.dbeaver.runtime.ui.UIServiceSecurity' not found
2024-05-17 15:18:10.376 - Connect with 'localhost 2' (mysql8-18f3c4755fa-48d44911c1ae78cb)
> Start DBeaver MySQL Support [org.jkiss.dbeaver.ext.mysql 2.1.214.202404211624]
2024-05-17 15:18:10.395 - Execution context opened (localhost 2; Main; 7)
> Start DBeaver GIS Support [org.jkiss.dbeaver.data.gis 1.0.153.202404211624]
2024-05-17 15:18:10.617 - Execution context opened (localhost 2; Metadata; 8)
2024-05-17 15:18:10.743 - Connected (mysql8-18f3c4755fa-48d44911c1ae78cb, MySQL Connector/J [mysql-connector-j-8.2.0 (Revision: 06a1f724497fd81c6a659131fda822c9e5085b6c)])
> Start DBeaver MySQL UI Support [org.jkiss.dbeaver.ext.mysql.ui 1.0.121.202404211624]
2024-05-17 15:18:15.487 - Service 'org.jkiss.dbeaver.runtime.ui.UIServiceSecurity' not found
2024-05-17 15:18:33.857 - Execution context opened (localhost 2; SQLEditor <day05_mysql.sql>; 9)
2024-05-17 15:18:59.369 - Service 'org.jkiss.dbeaver.runtime.ui.UIServiceSecurity' not found
2024-05-17 15:19:07.179 - Connect with 'jdbc:mysql://localhost:3306/' (mysql8-18f853447fa-573326aca0d7de8d)
2024-05-17 15:19:07.179 - Execution context opened (jdbc:mysql://localhost:3306/; Main; 10)
2024-05-17 15:19:07.256 - Access denied for user 'scott'@'localhost' (using password: YES)
org.jkiss.dbeaver.model.exec.DBCConnectException: Access denied for user 'scott'@'localhost' (using password: YES)
	at org.jkiss.dbeaver.model.impl.jdbc.JDBCDataSource.openConnection(JDBCDataSource.java:265)
	at org.jkiss.dbeaver.ext.mysql.model.MySQLDataSource.openConnection(MySQLDataSource.java:481)
	at org.jkiss.dbeaver.model.impl.jdbc.JDBCExecutionContext.connect(JDBCExecutionContext.java:106)
	at org.jkiss.dbeaver.model.impl.jdbc.JDBCRemoteInstance.initializeMainContext(JDBCRemoteInstance.java:102)
	at org.jkiss.dbeaver.model.impl.jdbc.JDBCRemoteInstance.<init>(JDBCRemoteInstance.java:61)
	at org.jkiss.dbeaver.model.impl.jdbc.JDBCDataSource.initializeRemoteInstance(JDBCDataSource.java:119)
	at org.jkiss.dbeaver.model.impl.jdbc.JDBCDataSource.<init>(JDBCDataSource.java:103)
	at org.jkiss.dbeaver.model.impl.jdbc.JDBCDataSource.<init>(JDBCDataSource.java:94)
	at org.jkiss.dbeaver.ext.mysql.model.MySQLDataSource.<init>(MySQLDataSource.java:121)
	at org.jkiss.dbeaver.ext.mysql.model.MySQLDataSource.<init>(MySQLDataSource.java:116)
	at org.jkiss.dbeaver.ext.mysql.MySQLDataSourceProvider.openDataSource(MySQLDataSourceProvider.java:154)
	at org.jkiss.dbeaver.registry.DataSourceDescriptor.openDataSource(DataSourceDescriptor.java:1366)
	at org.jkiss.dbeaver.registry.DataSourceDescriptor.connect0(DataSourceDescriptor.java:1243)
	at org.jkiss.dbeaver.registry.DataSourceDescriptor.connect(DataSourceDescriptor.java:1033)
	at org.jkiss.dbeaver.runtime.jobs.ConnectJob.run(ConnectJob.java:78)
	at org.jkiss.dbeaver.runtime.jobs.ConnectionTestJob.run(ConnectionTestJob.java:103)
	at org.jkiss.dbeaver.model.runtime.AbstractJob.run(AbstractJob.java:115)
	at org.eclipse.core.internal.jobs.Worker.run(Worker.java:63)
Caused by: java.sql.SQLException: Access denied for user 'scott'@'localhost' (using password: YES)
	at com.mysql.cj.jdbc.exceptions.SQLError.createSQLException(SQLError.java:130)
	at com.mysql.cj.jdbc.exceptions.SQLExceptionsMapping.translateException(SQLExceptionsMapping.java:122)
	at com.mysql.cj.jdbc.ConnectionImpl.createNewIO(ConnectionImpl.java:815)
	at com.mysql.cj.jdbc.ConnectionImpl.<init>(ConnectionImpl.java:438)
	at com.mysql.cj.jdbc.ConnectionImpl.getInstance(ConnectionImpl.java:241)
	at com.mysql.cj.jdbc.NonRegisteringDriver.connect(NonRegisteringDriver.java:189)
	at org.jkiss.dbeaver.model.impl.jdbc.JDBCConnectionOpener.run(JDBCConnectionOpener.java:109)
	at org.jkiss.dbeaver.model.impl.jdbc.JDBCConnectionOpener.run(JDBCConnectionOpener.java:83)
	at org.jkiss.dbeaver.model.impl.jdbc.JDBCDataSource.openConnection(JDBCDataSource.java:221)
	... 17 more
2024-05-17 15:19:10.464 - Connect with 'jdbc:mysql://localhost:3306/' (mysql8-18f853454d2-1804045d916af960)
2024-05-17 15:19:10.465 - Execution context opened (jdbc:mysql://localhost:3306/; Main; 11)
2024-05-17 15:19:10.493 - Connected (mysql8-18f853454d2-1804045d916af960, MySQL Connector/J [mysql-connector-j-8.2.0 (Revision: 06a1f724497fd81c6a659131fda822c9e5085b6c)])
2024-05-17 15:19:10.504 - Execution context closed (jdbc:mysql://localhost:3306/, 11)
2024-05-17 15:19:10.504 - Disconnected (mysql8-18f853454d2-1804045d916af960)
2024-05-17 15:19:36.292 - Execution context opened (localhost 2; SQLEditor <Script-19.sql>; 12)
2024-05-17 15:19:37.520 - Execution context closed (localhost 2, 9)
2024-05-17 15:19:38.769 - Execution context closed (localhost 3, 6)
2024-05-17 15:19:39.833 - Execution context opened (localhost 3; SQLEditor <day07_oracle_scott.sql>; 13)
2024-05-17 15:19:40.270 - Connect with 'localhost 4' (oracle_thin-18f3cfe8351-3c17426f1dacd56f)
2024-05-17 15:19:40.270 - Execution context opened (localhost 4; Main; 14)
2024-05-17 15:19:40.311 - Execution context opened (localhost 4; Metadata; 15)
2024-05-17 15:19:40.352 - Connected (oracle_thin-18f3cfe8351-3c17426f1dacd56f, Oracle JDBC driver [23.2.0.0.0])
2024-05-17 15:19:40.676 - Execution context closed (localhost 3, 13)
2024-05-17 15:19:41.459 - Execution context opened (localhost 3; SQLEditor <Script-8.sql>; 16)
2024-05-17 15:19:42.326 - Execution context closed (localhost 3, 16)
2024-05-17 15:19:43.113 - Execution context closed (localhost, 2)
2024-05-17 15:19:45.329 - Listener org.jkiss.dbeaver.ui.editors.DatabaseEditorListener@785bc970 wasn't registered in model
2024-05-17 15:20:26.940 - SQL Error [1050] [42S01]: Table 'member' already exists
org.jkiss.dbeaver.model.sql.DBSQLException: SQL Error [1050] [42S01]: Table 'member' already exists
	at org.jkiss.dbeaver.model.impl.jdbc.exec.JDBCStatementImpl.executeStatement(JDBCStatementImpl.java:133)
	at org.jkiss.dbeaver.ui.editors.sql.execute.SQLQueryJob.executeStatement(SQLQueryJob.java:614)
	at org.jkiss.dbeaver.ui.editors.sql.execute.SQLQueryJob.lambda$2(SQLQueryJob.java:505)
	at org.jkiss.dbeaver.model.exec.DBExecUtils.tryExecuteRecover(DBExecUtils.java:194)
	at org.jkiss.dbeaver.ui.editors.sql.execute.SQLQueryJob.executeSingleQuery(SQLQueryJob.java:524)
	at org.jkiss.dbeaver.ui.editors.sql.execute.SQLQueryJob.extractData(SQLQueryJob.java:976)
	at org.jkiss.dbeaver.ui.editors.sql.SQLEditor$QueryResultsContainer.readData(SQLEditor.java:4155)
	at org.jkiss.dbeaver.ui.controls.resultset.ResultSetJobDataRead.lambda$0(ResultSetJobDataRead.java:123)
	at org.jkiss.dbeaver.model.exec.DBExecUtils.tryExecuteRecover(DBExecUtils.java:194)
	at org.jkiss.dbeaver.ui.controls.resultset.ResultSetJobDataRead.run(ResultSetJobDataRead.java:121)
	at org.jkiss.dbeaver.ui.controls.resultset.ResultSetViewer$ResultSetDataPumpJob.run(ResultSetViewer.java:5152)
	at org.jkiss.dbeaver.model.runtime.AbstractJob.run(AbstractJob.java:115)
	at org.eclipse.core.internal.jobs.Worker.run(Worker.java:63)
Caused by: java.sql.SQLSyntaxErrorException: Table 'member' already exists
	at com.mysql.cj.jdbc.exceptions.SQLError.createSQLException(SQLError.java:121)
	at com.mysql.cj.jdbc.exceptions.SQLExceptionsMapping.translateException(SQLExceptionsMapping.java:122)
	at com.mysql.cj.jdbc.StatementImpl.executeInternal(StatementImpl.java:767)
	at com.mysql.cj.jdbc.StatementImpl.execute(StatementImpl.java:652)
	at org.jkiss.dbeaver.model.impl.jdbc.exec.JDBCStatementImpl.execute(JDBCStatementImpl.java:330)
	at org.jkiss.dbeaver.model.impl.jdbc.exec.JDBCStatementImpl.executeStatement(JDBCStatementImpl.java:131)
	... 12 more
2024-05-17 15:20:35.394 - SQL Error [1062] [23000]: Duplicate entry 'm01' for key 'member.id'
org.jkiss.dbeaver.model.sql.DBSQLException: SQL Error [1062] [23000]: Duplicate entry 'm01' for key 'member.id'
	at org.jkiss.dbeaver.model.impl.jdbc.exec.JDBCStatementImpl.executeStatement(JDBCStatementImpl.java:133)
	at org.jkiss.dbeaver.ui.editors.sql.execute.SQLQueryJob.executeStatement(SQLQueryJob.java:614)
	at org.jkiss.dbeaver.ui.editors.sql.execute.SQLQueryJob.lambda$2(SQLQueryJob.java:505)
	at org.jkiss.dbeaver.ui.editors.sql.execute.SQLQueryJob.executeSingleQuery(SQLQueryJob.java:527)
	at org.jkiss.dbeaver.ui.editors.sql.execute.SQLQueryJob.extractData(SQLQueryJob.java:976)
	at org.jkiss.dbeaver.ui.editors.sql.SQLEditor$QueryResultsContainer.readData(SQLEditor.java:4155)
	at org.jkiss.dbeaver.ui.controls.resultset.ResultSetJobDataRead.lambda$0(ResultSetJobDataRead.java:123)
	at org.jkiss.dbeaver.model.exec.DBExecUtils.tryExecuteRecover(DBExecUtils.java:194)
	at org.jkiss.dbeaver.ui.controls.resultset.ResultSetJobDataRead.run(ResultSetJobDataRead.java:121)
	at org.jkiss.dbeaver.ui.controls.resultset.ResultSetViewer$ResultSetDataPumpJob.run(ResultSetViewer.java:5152)
	at org.jkiss.dbeaver.model.runtime.AbstractJob.run(AbstractJob.java:115)
	at org.eclipse.core.internal.jobs.Worker.run(Worker.java:63)
Caused by: java.sql.SQLIntegrityConstraintViolationException: Duplicate entry 'm01' for key 'member.id'
	at com.mysql.cj.jdbc.exceptions.SQLError.createSQLException(SQLError.java:118)
	at com.mysql.cj.jdbc.exceptions.SQLExceptionsMapping.translateException(SQLExceptionsMapping.java:122)
	at com.mysql.cj.jdbc.StatementImpl.executeInternal(StatementImpl.java:767)
	at com.mysql.cj.jdbc.StatementImpl.execute(StatementImpl.java:652)
	at org.jkiss.dbeaver.model.impl.jdbc.exec.JDBCStatementImpl.execute(JDBCStatementImpl.java:330)
	at org.jkiss.dbeaver.model.impl.jdbc.exec.JDBCStatementImpl.executeStatement(JDBCStatementImpl.java:131)
	... 11 more
2024-05-17 16:40:38.917 - Execution context closed (localhost 2, 12)
2024-05-17 16:40:39.197 - DBeaver is stopping
2024-05-17 16:40:39.198 - Stop instance server
2024-05-17 16:40:40.205 - Instance server has been stopped
2024-05-17 16:40:40.206 - DBeaver shutdown completed
